"../../../../../Alby/Documents/TransfuserGame/Content/Fonts/SigmarOne-Regular.uasset" 0
"../../../../../Alby/Documents/TransfuserGame/Content/Fonts/SigmarOne-Regular_Font.uasset" 1
"../../../../../Alby/Documents/TransfuserGame/Content/Widgets/W_TutorailP1.uasset" 2
"../../../../../Alby/Documents/TransfuserGame/Content/Widgets/BP_TutorialP1.uasset" 3
"../../../../../Alby/Documents/TransfuserGame/Content/BP_TutorialP1.uasset" 4
"../../../../../Alby/Documents/TransfuserGame/Content/FirstPerson/Character/Mesh/SK_Mannequin_Arms_Skeleton.uasset" 5
"../../../../../Alby/Documents/TransfuserGame/Content/FirstPerson/Animations/FirstPerson_Idle.uasset" 6
"../../../../../Alby/Documents/TransfuserGame/Content/FirstPerson/Animations/FirstPerson_JumpEnd.uasset" 7
"../../../../../Alby/Documents/TransfuserGame/Content/FirstPerson/Animations/FirstPerson_JumpLoop.uasset" 8
"../../../../../Alby/Documents/TransfuserGame/Content/FirstPerson/Animations/FirstPerson_JumpStart.uasset" 9
"../../../../../Alby/Documents/TransfuserGame/Content/FirstPerson/Animations/FirstPerson_Run.uasset" 10
"../../../Engine/Content/EditorBlueprintResources/StandardMacros.uasset" 11
"../../../../../Alby/Documents/TransfuserGame/Content/FirstPerson/Animations/FirstPerson_AnimBP.uasset" 12
"../../../../../Alby/Documents/TransfuserGame/Content/FirstPerson/Animations/FirstPerson_Fire.uasset" 13
"../../../../../Alby/Documents/TransfuserGame/Content/FirstPerson/Animations/FirstPersonFire_Montage.uasset" 14
"../../../../../Alby/Documents/TransfuserGame/Content/Meshes/Gray_3.uasset" 15
"../../../../../Alby/Documents/TransfuserGame/Content/Meshes/Gray_2.uasset" 16
"../../../../../Alby/Documents/TransfuserGame/Content/Meshes/Rock_1_Rock_1.uasset" 17
"../../../../../Alby/Documents/TransfuserGame/Content/Blueprints/BP_Platform.uasset" 18
"../../../../../Alby/Documents/TransfuserGame/Content/Effect/CameraShake_Effect.uasset" 19
"../../../../../Alby/Documents/TransfuserGame/Content/Materials/M_Active.uasset" 20
"../../../../../Alby/Documents/TransfuserGame/Content/Materials/M_Unactive.uasset" 21
"../../../Engine/Content/Functions/Engine_MaterialFunctions01/Density/ExponentialDensity.uasset" 22
"../../../Engine/Content/Functions/Engine_MaterialFunctions01/Gradient/RadialGradientExponential.uasset" 23
"../../../Engine/Content/MapTemplates/T_UDK_Sky_CloudMask03.uasset" 24
"../../../../../Alby/Documents/TransfuserGame/Content/PostProcessEffects/PostProcessing_M.uasset" 25
"../../../../../Alby/Documents/TransfuserGame/Content/Textures/Weapon_gj_low_lambert4SG_BaseColor.uasset" 26
"../../../../../Alby/Documents/TransfuserGame/Content/Textures/Weapon_gj_low_lambert4SG_Normal.uasset" 27
"../../../../../Alby/Documents/TransfuserGame/Content/Textures/Weapon_gj_low_lambert4SG_OcclusionRoughnessMetallic.uasset" 28
"../../../../../Alby/Documents/TransfuserGame/Content/Arthur_Meshes/BackMat.uasset" 29
"../../../../../Alby/Documents/TransfuserGame/Content/Textures/Weapon_gj_low_lambert3SG_BaseColor.uasset" 30
"../../../../../Alby/Documents/TransfuserGame/Content/Textures/Weapon_gj_low_lambert3SG_Normal.uasset" 31
"../../../../../Alby/Documents/TransfuserGame/Content/Textures/Weapon_gj_low_lambert3SG_OcclusionRoughnessMetallic.uasset" 32
"../../../../../Alby/Documents/TransfuserGame/Content/Arthur_Meshes/Body_TopMat.uasset" 33
"../../../../../Alby/Documents/TransfuserGame/Content/Textures/Weapon_gj_low_lambert2SG_BaseColor.uasset" 34
"../../../../../Alby/Documents/TransfuserGame/Content/Textures/Weapon_gj_low_lambert2SG_Normal.uasset" 35
"../../../../../Alby/Documents/TransfuserGame/Content/Textures/Weapon_gj_low_lambert2SG_OcclusionRoughnessMetallic.uasset" 36
"../../../../../Alby/Documents/TransfuserGame/Content/Arthur_Meshes/BodyMat.uasset" 37
"../../../../../Alby/Documents/TransfuserGame/Content/Textures/Weapon_gj_low_lambert5SG_BaseColor.uasset" 38
"../../../../../Alby/Documents/TransfuserGame/Content/Textures/Weapon_gj_low_lambert5SG_Normal.uasset" 39
"../../../../../Alby/Documents/TransfuserGame/Content/Textures/Weapon_gj_low_lambert5SG_OcclusionRoughnessMetallic.uasset" 40
"../../../../../Alby/Documents/TransfuserGame/Content/Arthur_Meshes/FrontMat.uasset" 41
"../../../../../Alby/Documents/TransfuserGame/Content/Textures/Weapon_gj_low_lambert6SG_BaseColor.uasset" 42
"../../../../../Alby/Documents/TransfuserGame/Content/Textures/Weapon_gj_low_lambert6SG_Normal.uasset" 43
"../../../../../Alby/Documents/TransfuserGame/Content/Textures/Weapon_gj_low_lambert6SG_OcclusionRoughnessMetallic.uasset" 44
"../../../../../Alby/Documents/TransfuserGame/Content/Arthur_Meshes/GripMat.uasset" 45
"../../../../../Alby/Documents/TransfuserGame/Content/Textures/Weapon_gj_low_lambert8SG_BaseColor.uasset" 46
"../../../../../Alby/Documents/TransfuserGame/Content/Textures/Weapon_gj_low_lambert8SG_Normal.uasset" 47
"../../../../../Alby/Documents/TransfuserGame/Content/Textures/Weapon_gj_low_lambert8SG_OcclusionRoughnessMetallic.uasset" 48
"../../../../../Alby/Documents/TransfuserGame/Content/Arthur_Meshes/HandelMat.uasset" 49
"../../../../../Alby/Documents/TransfuserGame/Content/Textures/Weapon_gj_low_lambert7SG_BaseColor.uasset" 50
"../../../../../Alby/Documents/TransfuserGame/Content/Textures/Weapon_gj_low_lambert7SG_Normal.uasset" 51
"../../../../../Alby/Documents/TransfuserGame/Content/Textures/Weapon_gj_low_lambert7SG_OcclusionRoughnessMetallic.uasset" 52
"../../../../../Alby/Documents/TransfuserGame/Content/Arthur_Meshes/TriggerMat.uasset" 53
"../../../../../Alby/Documents/TransfuserGame/Content/Arthur_Meshes/Weapon_gj_low.uasset" 54
"../../../../../Alby/Documents/TransfuserGame/Content/Audio/Footsteps.uasset" 55
"../../../../../Alby/Documents/TransfuserGame/Content/Audio/Pulsar_Shot.uasset" 56
"../../../Engine/Content/Functions/Engine_MaterialFunctions02/Utility/BlendAngleCorrectedNormals.uasset" 57
"../../../Engine/Content/Functions/MaterialLayerFunctions/MatLayerBlend_NormalBlend.uasset" 58
"../../../Engine/Content/Functions/MaterialLayerFunctions/MatLayerBlend_Simple.uasset" 59
"../../../../../Alby/Documents/TransfuserGame/Content/FirstPerson/Character/Materials/MaterialLayers/T_ML_Rubber_Blue_01_D.uasset" 60
"../../../../../Alby/Documents/TransfuserGame/Content/FirstPerson/Character/Materials/MaterialLayers/T_ML_Rubber_Blue_01_N.uasset" 61
"../../../../../Alby/Documents/TransfuserGame/Content/FirstPerson/Character/Materials/MaterialLayers/ML_GlossyBlack_Latex_UE4.uasset" 62
"../../../../../Alby/Documents/TransfuserGame/Content/FirstPerson/Character/Materials/MaterialLayers/ML_Plastic_Shiny_Beige.uasset" 63
"../../../../../Alby/Documents/TransfuserGame/Content/FirstPerson/Character/Textures/UE4_LOGO_CARD.uasset" 64
"../../../../../Alby/Documents/TransfuserGame/Content/FirstPerson/Character/Materials/MaterialLayers/ML_Plastic_Shiny_Beige_LOGO.uasset" 65
"../../../../../Alby/Documents/TransfuserGame/Content/FirstPerson/Character/Materials/MaterialLayers/T_ML_Aluminum01.uasset" 66
"../../../../../Alby/Documents/TransfuserGame/Content/FirstPerson/Character/Materials/MaterialLayers/T_ML_Aluminum01_N.uasset" 67
"../../../../../Alby/Documents/TransfuserGame/Content/FirstPerson/Character/Materials/MaterialLayers/ML_SoftMetal_UE4.uasset" 68
"../../../../../Alby/Documents/TransfuserGame/Content/FirstPerson/Character/Textures/UE4_Mannequin__normals.uasset" 69
"../../../../../Alby/Documents/TransfuserGame/Content/FirstPerson/Character/Textures/UE4_Mannequin_MAT_MASKA.uasset" 70
"../../../../../Alby/Documents/TransfuserGame/Content/FirstPerson/Character/Materials/M_UE4Man_Body.uasset" 71
"../../../../../Alby/Documents/TransfuserGame/Content/FirstPerson/Character/Mesh/SK_Mannequin_Arms_PhysicsAsset.uasset" 72
"../../../../../Alby/Documents/TransfuserGame/Content/FirstPerson/Character/Mesh/SK_Mannequin_Arms.uasset" 73
"../../../../../Alby/Documents/TransfuserGame/Content/FirstPerson/FPWeapon/Materials/MaterialLayers/T_ML_Rubber_Blue_01_D.uasset" 74
"../../../../../Alby/Documents/TransfuserGame/Content/FirstPerson/FPWeapon/Materials/MaterialLayers/T_ML_Rubber_Blue_01_N.uasset" 75
"../../../../../Alby/Documents/TransfuserGame/Content/FirstPerson/FPWeapon/Materials/MaterialLayers/ML_GlossyBlack_Latex_UE4.uasset" 76
"../../../../../Alby/Documents/TransfuserGame/Content/FirstPerson/FPWeapon/Materials/MaterialLayers/ML_Plastic_Shiny_Beige.uasset" 77
"../../../../../Alby/Documents/TransfuserGame/Content/FirstPerson/FPWeapon/Materials/MaterialLayers/ML_Screen.uasset" 78
"../../../../../Alby/Documents/TransfuserGame/Content/FirstPerson/FPWeapon/Materials/MaterialLayers/T_ML_Aluminum01.uasset" 79
"../../../../../Alby/Documents/TransfuserGame/Content/FirstPerson/FPWeapon/Materials/MaterialLayers/T_ML_Aluminum01_N.uasset" 80
"../../../../../Alby/Documents/TransfuserGame/Content/FirstPerson/FPWeapon/Materials/MaterialLayers/ML_SoftMetal_UE4.uasset" 81
"../../../../../Alby/Documents/TransfuserGame/Content/FirstPerson/FPWeapon/Textures/T_FPGun_M.uasset" 82
"../../../../../Alby/Documents/TransfuserGame/Content/FirstPerson/FPWeapon/Textures/T_FPGun_N.uasset" 83
"../../../../../Alby/Documents/TransfuserGame/Content/FirstPerson/FPWeapon/Materials/M_FPGun.uasset" 84
"../../../../../Alby/Documents/TransfuserGame/Content/FirstPerson/FPWeapon/Mesh/SK_FPGun_Skeleton.uasset" 85
"../../../../../Alby/Documents/TransfuserGame/Content/FirstPerson/FPWeapon/Mesh/SK_FPGun.uasset" 86
"../../../Engine/Content/Functions/Engine_MaterialFunctions01/Gradient/RadialGradient.uasset" 87
"../../../../../Alby/Documents/TransfuserGame/Content/StarterContent/Particles/Materials/M_Radial_Gradient.uasset" 88
"../../../../../Alby/Documents/TransfuserGame/Content/StarterContent/Particles/ChargeJump.uasset" 89
"../../../../../Alby/Documents/TransfuserGame/Content/FirstPersonBP/Blueprints/FirstPersonCharacterNEW.uasset" 90
"../../../../../Alby/Documents/TransfuserGame/Content/Materials/M_Glow.uasset" 91
"../../../../../Alby/Documents/TransfuserGame/Content/Geometry/Meshes/CubeMaterial.uasset" 92
"../../../../../Alby/Documents/TransfuserGame/Content/Geometry/Meshes/1M_Cube_Chamfer.uasset" 93
"../../../../../Alby/Documents/TransfuserGame/Content/StarterContent/Materials/M_Basic_Wall.uasset" 94
"../../../../../Alby/Documents/TransfuserGame/Content/StarterContent/Shapes/Shape_Cylinder.uasset" 95
"../../../../../Alby/Documents/TransfuserGame/Content/Particles/Trail.uasset" 96
"../../../../../Alby/Documents/TransfuserGame/Content/FirstPersonBP/Blueprints/FirstPersonProjectileNEW.uasset" 97
"../../../../../Alby/Documents/TransfuserGame/Content/Global.uasset" 98
"../../../../../Alby/Documents/TransfuserGame/Content/0_UI/WG_Leaderboard.uasset" 99
"../../../../../Alby/Documents/TransfuserGame/Content/FirstPerson/Audio/FirstPersonTemplateWeaponFire02.uasset" 100
"../../../../../Alby/Documents/TransfuserGame/Content/FirstPersonBP/Blueprints/FirstPersonCharacterCkeckpoint.uasset" 101
"../../../../../Alby/Documents/TransfuserGame/Content/0_UI/WG_EndLevel.uasset" 102
"../../../../../Alby/Documents/TransfuserGame/Content/0_UI/WG_GameUI.uasset" 103
"../../../../../Alby/Documents/TransfuserGame/Content/0_UI/WG_LeaderboardButton.uasset" 104
"../../../../../Alby/Documents/TransfuserGame/Content/0_UI/WG_OptionsButton.uasset" 105
"../../../../../Alby/Documents/TransfuserGame/Content/0_UI/WG_QuitButton.uasset" 106
"../../../../../Alby/Documents/TransfuserGame/Content/FirstPersonBP/Blueprints/FirstPersonCharacterRayCast_ProhressBar.uasset" 107
"../../../../../Alby/Documents/TransfuserGame/Content/2_CheckPoint/GotoLeadervoard.uasset" 108
"../../../../../Alby/Documents/TransfuserGame/Content/AdamModels/M_Arrow.uasset" 109
"../../../../../Alby/Documents/TransfuserGame/Content/AdamModels/M_Snow.uasset" 110
"../../../../../Alby/Documents/TransfuserGame/Content/AdamModels/M_WoodBoard.uasset" 111
"../../../Engine/Content/Functions/Engine_MaterialFunctions01/Gradient/LinearGradient.uasset" 112
"../../../Engine/Content/Functions/Engine_MaterialFunctions01/ImageAdjustment/CheapContrast.uasset" 113
"../../../Engine/Content/Functions/Engine_MaterialFunctions01/ImageAdjustment/SCurve.uasset" 114
"../../../Engine/Content/MapTemplates/TilingNoise05.uasset" 115
"../../../Engine/Content/Functions/Engine_MaterialFunctions01/Texturing/TriplanarCameraVector.uasset" 116
"../../../Engine/Content/Functions/Engine_MaterialFunctions02/Math/AddComponents.uasset" 117
"../../../Engine/Content/Functions/Engine_MaterialFunctions02/Texturing/WorldPositionWithScale.uasset" 118
"../../../Engine/Content/Functions/Engine_MaterialFunctions02/Utility/BreakOutFloat2Components.uasset" 119
"../../../Engine/Content/Functions/Engine_MaterialFunctions02/Utility/BreakOutFloat3Components.uasset" 120
"../../../Engine/Content/Functions/Engine_MaterialFunctions02/Utility/MakeFloat3.uasset" 121
"../../../Engine/Content/Functions/Engine_MaterialFunctions02/Utility/Sign.uasset" 122
"../../../Engine/Content/Functions/Engine_MaterialFunctions02/Utility/Round.uasset" 123
"../../../Engine/Content/EngineMaterials/BlendFunc_DefBase.uasset" 124
"../../../Engine/Content/EngineMaterials/BlendFunc_DefBlend.uasset" 125
"../../../Engine/Content/Functions/Engine_MaterialFunctions03/Blends/Blend_Difference.uasset" 126
"../../../../../Alby/Documents/TransfuserGame/Content/AdvancedCelShader/CelShader/MaterialFunctions/Posterize.uasset" 127
"../../../../../Alby/Documents/TransfuserGame/Content/AdvancedCelShader/CelShader/MaterialFunctions/CelPosterize.uasset" 128
"../../../../../Alby/Documents/TransfuserGame/Content/AdvancedCelShader/CelShader/MaterialFunctions/CustomBlur1.uasset" 129
"../../../../../Alby/Documents/TransfuserGame/Content/AdvancedCelShader/CelShader/MaterialFunctions/CustomBlur2.uasset" 130
"../../../../../Alby/Documents/TransfuserGame/Content/AdvancedCelShader/CelShader/MaterialFunctions/DepthMask.uasset" 131
"../../../../../Alby/Documents/TransfuserGame/Content/AdvancedCelShader/CelShader/MaterialFunctions/EdgeDetectColour.uasset" 132
"../../../../../Alby/Documents/TransfuserGame/Content/AdvancedCelShader/CelShader/MaterialFunctions/EdgeDetectDepth.uasset" 133
"../../../../../Alby/Documents/TransfuserGame/Content/AdvancedCelShader/CelShader/MaterialFunctions/InnerShadow.uasset" 134
"../../../../../Alby/Documents/TransfuserGame/Content/AdvancedCelShader/CelShader/MaterialFunctions/MaskSky.uasset" 135
"../../../../../Alby/Documents/TransfuserGame/Content/AdvancedCelShader/CelShader/MaterialFunctions/OuterShadow.uasset" 136
"../../../../../Alby/Documents/TransfuserGame/Content/AdvancedCelShader/CelShader/MaterialFunctions/PixellateUVs.uasset" 137
"../../../../../Alby/Documents/TransfuserGame/Content/AdvancedCelShader/CelShader/MaterialFunctions/SkyMask.uasset" 138
"../../../../../Alby/Documents/TransfuserGame/Content/AdvancedCelShader/CelShader/MaterialFunctions/Slider.uasset" 139
"../../../../../Alby/Documents/TransfuserGame/Content/AdvancedCelShader/CelShader/Textures/PrintDots.uasset" 140
"../../../../../Alby/Documents/TransfuserGame/Content/AdvancedCelShader/CelShader/Textures/sketch_mask_2.uasset" 141
"../../../../../Alby/Documents/TransfuserGame/Content/AdvancedCelShader/CelShader/Textures/spatter.uasset" 142
"../../../../../Alby/Documents/TransfuserGame/Content/AdvancedCelShader/CelShader/Textures/watercolour_texture.uasset" 143
"../../../../../Alby/Documents/TransfuserGame/Content/AdvancedCelShader/CelShader/Materials/CelShader.uasset" 144
"../../../../../Alby/Documents/TransfuserGame/Content/AdvancedCelShader/CelShader/Presets/CelShader80sCartoon.uasset" 145
"../../../../../Alby/Documents/TransfuserGame/Content/AdvancedCelShader/CelShader/Textures/paint_normal_normal.uasset" 146
"../../../../../Alby/Documents/TransfuserGame/Content/AdvancedCelShader/CelShader/Presets/CelShaderAgedComic.uasset" 147
"../../../../../Alby/Documents/TransfuserGame/Content/AdvancedCelShader/CelShader/Presets/CelShaderAnime.uasset" 148
"../../../../../Alby/Documents/TransfuserGame/Content/AdvancedCelShader/CelShader/Presets/CelShaderChalkOnBlackboard.uasset" 149
"../../../../../Alby/Documents/TransfuserGame/Content/AdvancedCelShader/CelShader/Textures/burlap.uasset" 150
"../../../../../Alby/Documents/TransfuserGame/Content/AdvancedCelShader/CelShader/Presets/CelShaderColouredPencil.uasset" 151
"../../../../../Alby/Documents/TransfuserGame/Content/AdvancedCelShader/CelShader/Textures/sketch_mask.uasset" 152
"../../../../../Alby/Documents/TransfuserGame/Content/AdvancedCelShader/CelShader/Presets/CelShaderDirtyManga.uasset" 153
"../../../Engine/Content/Functions/Engine_MaterialFunctions01/ImageAdjustment/BlurSampleOffsets.uasset" 154
"../../../Engine/Content/Functions/Engine_MaterialFunctions01/Opacity/CameraDepthFade.uasset" 155
"../../../../../Alby/Documents/TransfuserGame/Content/AdvancedCelShader/CelShader/MaterialFunctions/PosterizeForward.uasset" 156
"../../../../../Alby/Documents/TransfuserGame/Content/AdvancedCelShader/CelShader/MaterialFunctions/CelPosterizeForward.uasset" 157
"../../../../../Alby/Documents/TransfuserGame/Content/AdvancedCelShader/CelShader/MaterialFunctions/EdgeDetectColourForward.uasset" 158
"../../../../../Alby/Documents/TransfuserGame/Content/AdvancedCelShader/CelShader/MaterialFunctions/EdgeDetectDepthForward.uasset" 159
"../../../../../Alby/Documents/TransfuserGame/Content/AdvancedCelShader/CelShader/Materials/CelShaderForward.uasset" 160
"../../../../../Alby/Documents/TransfuserGame/Content/AdvancedCelShader/CelShader/Presets/CelShaderForwardDefault.uasset" 161
"../../../../../Alby/Documents/TransfuserGame/Content/AdvancedCelShader/CelShader/Presets/CelShaderHeroComic.uasset" 162
"../../../../../Alby/Documents/TransfuserGame/Content/AdvancedCelShader/CelShader/Presets/CelShaderNewsprint.uasset" 163
"../../../../../Alby/Documents/TransfuserGame/Content/AdvancedCelShader/CelShader/Presets/CelShaderOldSchoolAdventure.uasset" 164
"../../../../../Alby/Documents/TransfuserGame/Content/AdvancedCelShader/CelShader/Textures/brushstrokes.uasset" 165
"../../../../../Alby/Documents/TransfuserGame/Content/AdvancedCelShader/CelShader/Presets/CelShaderParchment.uasset" 166
"../../../../../Alby/Documents/TransfuserGame/Content/AdvancedCelShader/CelShader/Presets/CelShaderSumi.uasset" 167
"../../../../../Alby/Documents/TransfuserGame/Content/AdvancedCelShader/CelShader/Presets/CelShaderTrip.uasset" 168
"../../../../../Alby/Documents/TransfuserGame/Content/AdvancedCelShader/CelShader/Presets/CelShaderVoltron.uasset" 169
"../../../../../Alby/Documents/TransfuserGame/Content/AdvancedCelShader/CelShader/Textures/flatwhite.uasset" 170
"../../../../../Alby/Documents/TransfuserGame/Content/AdvancedCelShader/CelShader/Presets/CelShaderWatercolour.uasset" 171
"../../../../../Alby/Documents/TransfuserGame/Content/AdvancedCelShader/CelShader/Presets/CelShaderWindWalker.uasset" 172
"../../../../../Alby/Documents/TransfuserGame/Content/AdvancedCelShader/CelShader/MaterialFunctions/EdgeDetectColourv2.uasset" 173
"../../../../../Alby/Documents/TransfuserGame/Content/AdvancedCelShader/CelShader/MaterialFunctions/EdgeDetectDepthv2.uasset" 174
"../../../../../Alby/Documents/TransfuserGame/Content/AdvancedCelShader/CelShader/Materials/CelShaderV2.uasset" 175
"../../../../../Alby/Documents/TransfuserGame/Content/AdvancedCelShader/CelShader/PresetsV2/CelShaderV2_CleanComic.uasset" 176
"../../../../../Alby/Documents/TransfuserGame/Content/AdvancedCelShader/CelShader/PresetsV2/CelShaderV2_Radioactive.uasset" 177
"../../../../../Alby/Documents/TransfuserGame/Content/AdvancedCelShader/Landscape/Materials/LandscapeTopology.uasset" 178
"../../../Engine/Content/Functions/Engine_MaterialFunctions02/SplitComponents.uasset" 179
"../../../Engine/Content/Functions/Engine_MaterialFunctions03/Blends/Blend_Overlay.uasset" 180
"../../../../../Alby/Documents/TransfuserGame/Content/AdvancedCelShader/Landscape/Textures/gravel.uasset" 181
"../../../../../Alby/Documents/TransfuserGame/Content/AdvancedCelShader/Landscape/Textures/grey.uasset" 182
"../../../../../Alby/Documents/TransfuserGame/Content/AdvancedCelShader/Landscape/Textures/rock_2.uasset" 183
"../../../../../Alby/Documents/TransfuserGame/Content/AdvancedCelShader/Landscape/Textures/sand.uasset" 184
"../../../../../Alby/Documents/TransfuserGame/Content/AdvancedCelShader/Landscape/Textures/volcanic_mountain_normal.uasset" 185
"../../../../../Alby/Documents/TransfuserGame/Content/AdvancedCelShader/Landscape/Materials/MAT_Landscape.uasset" 186
"../../../../../Alby/Documents/TransfuserGame/Content/AdvancedCelShader/Landscape/Materials/MAT_Sand.uasset" 187
"../../../../../Alby/Documents/TransfuserGame/Content/AdvancedCelShader/CelShader/MaterialFunctions/PackDepth.uasset" 188
"../../../../../Alby/Documents/TransfuserGame/Content/AdvancedCelShader/MobileCelShader/MaterialFunctions/EdgeDetectColourMobile.uasset" 189
"../../../../../Alby/Documents/TransfuserGame/Content/AdvancedCelShader/MobileCelShader/MaterialFunctions/EdgeDetectDepthMobile.uasset" 190
"../../../../../Alby/Documents/TransfuserGame/Content/AdvancedCelShader/MobileCelShader/Materials/CelShaderMobile.uasset" 191
"../../../../../Alby/Documents/TransfuserGame/Content/AdvancedCelShader/MobileCelShader/Presets/CelShaderMobileAnime.uasset" 192
"../../../../../Alby/Documents/TransfuserGame/Content/AdvancedCelShader/MobileCelShader/Presets/CelShaderMobilePixelArt.uasset" 193
"../../../Engine/Content/Functions/Engine_MaterialFunctions02/Utility/LinearSine.uasset" 194
"../../../Engine/Content/Functions/Engine_MaterialFunctions02/Utility/VectorLength.uasset" 195
"../../../../../Alby/Documents/TransfuserGame/Content/AdvancedCelShader/Water/Textures/Ripple.uasset" 196
"../../../../../Alby/Documents/TransfuserGame/Content/AdvancedCelShader/Landscape/Textures/water_bump.uasset" 197
"../../../../../Alby/Documents/TransfuserGame/Content/AdvancedCelShader/Landscape/Textures/water_bump2.uasset" 198
"../../../../../Alby/Documents/TransfuserGame/Content/AdvancedCelShader/Water/Textures/foam2.uasset" 199
"../../../../../Alby/Documents/TransfuserGame/Content/AdvancedCelShader/Water/Textures/ocean_normal.uasset" 200
"../../../../../Alby/Documents/TransfuserGame/Content/AdvancedCelShader/Water/Materials/CartoonWater.uasset" 201
"../../../../../Alby/Documents/TransfuserGame/Content/Arthur_Meshes/Projectile_gj_low_initialShadingGroup_BaseColor.uasset" 202
"../../../../../Alby/Documents/TransfuserGame/Content/Arthur_Meshes/Projectile_gj_low_initialShadingGroup_Normal.uasset" 203
"../../../../../Alby/Documents/TransfuserGame/Content/Arthur_Meshes/Projectile_gj_low_initialShadingGroup_OcclusionRoughnessMetallic.uasset" 204
"../../../../../Alby/Documents/TransfuserGame/Content/Arthur_Meshes/M_Projectile.uasset" 205
"../../../../../Alby/Documents/TransfuserGame/Content/Arthur_Meshes/Projectile_gj_low.uasset" 206
"../../../../../Alby/Documents/TransfuserGame/Content/Arthur_Meshes/Projectile_platform_low_blinn3SG_BaseColor.uasset" 207
"../../../../../Alby/Documents/TransfuserGame/Content/Arthur_Meshes/Projectile_platform_low_blinn3SG_Normal.uasset" 208
"../../../../../Alby/Documents/TransfuserGame/Content/Arthur_Meshes/Projectile_platform_low_blinn3SG_OcclusionRoughnessMetallic.uasset" 209
"../../../../../Alby/Documents/TransfuserGame/Content/Arthur_Meshes/M_ProjectileBase.uasset" 210
"../../../../../Alby/Documents/TransfuserGame/Content/Arthur_Meshes/Projectile_platform_high.uasset" 211
"../../../../../Alby/Documents/TransfuserGame/Content/Arthur_Meshes/pCube1Mat.uasset" 212
"../../../../../Alby/Documents/TransfuserGame/Content/Arthur_Meshes/Projectile_platform_high_pCube1.uasset" 213
"../../../../../Alby/Documents/TransfuserGame/Content/Arthur_Meshes/polySurface1Mat.uasset" 214
"../../../../../Alby/Documents/TransfuserGame/Content/Arthur_Meshes/Projectile_platform_high_polySurface1.uasset" 215
"../../../../../Alby/Documents/TransfuserGame/Content/Arthur_Meshes/polySurface2Mat.uasset" 216
"../../../../../Alby/Documents/TransfuserGame/Content/Arthur_Meshes/Projectile_platform_high_polySurface2.uasset" 217
"../../../../../Alby/Documents/TransfuserGame/Content/Audio/015_Foley_Footsteps_Asphalt_Boot_Walk_Fast_Run_Jog_Close.uasset" 218
"../../../../../Alby/Documents/TransfuserGame/Content/Audio/289_Foley_Footsteps_Rocks_Sneaker_Jump_Land_On_Two_Feet_Close.uasset" 219
"../../../../../Alby/Documents/TransfuserGame/Content/Audio/Body_Fall_-_Hard_Body_Fall_W-Bones_Crunching__1_.uasset" 220
"../../../../../Alby/Documents/TransfuserGame/Content/Audio/Body_Fall_-_Heavy_Body_Fall_On_Ground__1_.uasset" 221
"../../../../../Alby/Documents/TransfuserGame/Content/Audio/Body_Fall_-_Heavy_Body_Fall_On_Ground__2_.uasset" 222
"../../../../../Alby/Documents/TransfuserGame/Content/Audio/Body_Fall_-_Heavy_Body_Fall_On_Ground__3_.uasset" 223
"../../../../../Alby/Documents/TransfuserGame/Content/Audio/Wind_Ext_Breeze_Reeds_Rustle_Howl_Whip_Whistle.uasset" 224
"../../../../../Alby/Documents/TransfuserGame/Content/Blueprints/BP_Check.uasset" 225
"../../../../../Alby/Documents/TransfuserGame/Content/Decals/Decal_1.uasset" 226
"../../../../../Alby/Documents/TransfuserGame/Content/Decals/M_RockDecalOne.uasset" 227
"../../../../../Alby/Documents/TransfuserGame/Content/FirstPerson/Character/Mesh/FirstPersonAnimBlueprint_Copy.uasset" 228
"../../../../../Alby/Documents/TransfuserGame/Content/FirstPerson/FPWeapon/Materials/MaterialLayers/ML_Plastic_Shiny_Beige_LOGO.uasset" 229
"../../../../../Alby/Documents/TransfuserGame/Content/FirstPerson/FPWeapon/Materials/MaterialLayers/T_ML_FineRubber.uasset" 230
"../../../../../Alby/Documents/TransfuserGame/Content/FirstPerson/FPWeapon/Mesh/SK_FPGun_PhysicsAsset.uasset" 231
"../../../../../Alby/Documents/TransfuserGame/Content/FirstPerson/Meshes/BaseMaterial.uasset" 232
"../../../../../Alby/Documents/TransfuserGame/Content/FirstPerson/Meshes/CubeMaterialOverride.uasset" 233
"../../../../../Alby/Documents/TransfuserGame/Content/FirstPerson/Meshes/FirstPersonProjectileMaterial.uasset" 234
"../../../../../Alby/Documents/TransfuserGame/Content/FirstPerson/Meshes/FirstPersonProjectileMesh.uasset" 235
"../../../../../Alby/Documents/TransfuserGame/Content/FirstPersonBP/Credits.uasset" 236
"../../../../../Alby/Documents/TransfuserGame/Content/FirstPersonBP/FirstPersonOverview.uasset" 237
"../../../../../Alby/Documents/TransfuserGame/Content/StarterContent/Materials/M_Basic_Floor.uasset" 238
"../../../../../Alby/Documents/TransfuserGame/Content/StarterContent/Architecture/Floor_400x400.uasset" 239
"../../../../../Alby/Documents/TransfuserGame/Content/StarterContent/Shapes/Shape_QuadPyramid.uasset" 240
"../../../../../Alby/Documents/TransfuserGame/Content/FirstPersonBP/MovingSpikes.uasset" 241
"../../../../../Alby/Documents/TransfuserGame/Content/FirstPersonBP/MovingSpikes1.uasset" 242
"../../../../../Alby/Documents/TransfuserGame/Content/FirstPersonBP/MovingSpikes2.uasset" 243
"../../../../../Alby/Documents/TransfuserGame/Content/FirstPersonBP/MovingSpikes3.uasset" 244
"../../../../../Alby/Documents/TransfuserGame/Content/FirstPersonBP/MovingSpikesMinusZ.uasset" 245
"../../../../../Alby/Documents/TransfuserGame/Content/FirstPersonBP/MovingSpikesX.uasset" 246
"../../../../../Alby/Documents/TransfuserGame/Content/FirstPersonBP/MovingSpikesXMinus75.uasset" 247
"../../../../../Alby/Documents/TransfuserGame/Content/FirstPersonBP/MovingSpikesZ.uasset" 248
"../../../../../Alby/Documents/TransfuserGame/Content/Geometry/Meshes/1M_Cube.uasset" 249
"../../../../../Alby/Documents/TransfuserGame/Content/FirstPersonBP/ShakingSpikes.uasset" 250
"../../../../../Alby/Documents/TransfuserGame/Content/StarterContent/Textures/T_MacroVariation.uasset" 251
"../../../../../Alby/Documents/TransfuserGame/Content/StarterContent/Textures/T_Metal_Steel_D.uasset" 252
"../../../../../Alby/Documents/TransfuserGame/Content/StarterContent/Textures/T_Metal_Steel_N.uasset" 253
"../../../../../Alby/Documents/TransfuserGame/Content/StarterContent/Materials/M_Metal_Steel.uasset" 254
"../../../../../Alby/Documents/TransfuserGame/Content/FirstPersonBP/Spikes.uasset" 255
"../../../Engine/Content/BasicShapes/BasicShapeMaterial.uasset" 256
"../../../Engine/Content/EngineMaterials/T_Default_Material_Grid_M.uasset" 257
"../../../Engine/Content/EngineMaterials/T_Default_Material_Grid_N.uasset" 258
"../../../Engine/Content/EngineMaterials/WorldGridMaterial.uasset" 259
"../../../Engine/Content/BasicShapes/Cube.uasset" 260
"../../../../../Alby/Documents/TransfuserGame/Content/Audio/81_Generator_hum.uasset" 261
"../../../../../Alby/Documents/TransfuserGame/Content/Audio/SQ_GeneratorHum.uasset" 262
"../../../../../Alby/Documents/TransfuserGame/Content/FirstPersonBP/TestMagnet.uasset" 263
"../../../../../Alby/Documents/TransfuserGame/Content/FirstPersonBP/Blueprints/FirstPersonCharacter.uasset" 264
"../../../../../Alby/Documents/TransfuserGame/Content/Audio/SQ_Footsteps.uasset" 265
"../../../../../Alby/Documents/TransfuserGame/Content/FirstPersonBP/Blueprints/FirstPersonCharacterSOUND.uasset" 266
"../../../../../Alby/Documents/TransfuserGame/Content/FirstPersonBP/Blueprints/FirstPersonProjectile.uasset" 267
"../../../../../Alby/Documents/TransfuserGame/Content/FirstPersonBP/Blueprints/FirstPersonProjectileNO.uasset" 268
"../../../../../Alby/Documents/TransfuserGame/Content/FirstPersonBP/Blueprints/TEST.uasset" 269
"../../../../../Alby/Documents/TransfuserGame/Content/Geometry/Meshes/TemplateFloor.uasset" 270
"../../../../../Alby/Documents/TransfuserGame/Content/GoodSky/Source/Textures/T_GoodSky_noise_smooth.uasset" 271
"../../../../../Alby/Documents/TransfuserGame/Content/GoodSky/Source/Materials/Material_Function/MF_GoodSky_LightningFlick.uasset" 272
"../../../../../Alby/Documents/TransfuserGame/Content/GoodSky/Source/Materials/Light_Function/M_GoodSky_StormLightning_LightFunction.uasset" 273
"../../../../../Alby/Documents/TransfuserGame/Content/Meshes/Brown_9.uasset" 274
"../../../../../Alby/Documents/TransfuserGame/Content/Meshes/Green_1.uasset" 275
"../../../../../Alby/Documents/TransfuserGame/Content/Meshes/Bush_2_Bush_2.uasset" 276
"../../../../../Alby/Documents/TransfuserGame/Content/Meshes/Bush_3_Bush_3.uasset" 277
"../../../../../Alby/Documents/TransfuserGame/Content/Meshes/Green_14.uasset" 278
"../../../../../Alby/Documents/TransfuserGame/Content/Meshes/T_Mountains_winter_32.uasset" 279
"../../../../../Alby/Documents/TransfuserGame/Content/Meshes/Material__25_014.uasset" 280
"../../../../../Alby/Documents/TransfuserGame/Content/Meshes/Hill_winter_001.uasset" 281
"../../../../../Alby/Documents/TransfuserGame/Content/Meshes/Material__25_015.uasset" 282
"../../../../../Alby/Documents/TransfuserGame/Content/Meshes/Hill_winter_002.uasset" 283
"../../../../../Alby/Documents/TransfuserGame/Content/Meshes/Material__25_016.uasset" 284
"../../../../../Alby/Documents/TransfuserGame/Content/Meshes/Hill_winter_003.uasset" 285
"../../../../../Alby/Documents/TransfuserGame/Content/Meshes/Material__25_017.uasset" 286
"../../../../../Alby/Documents/TransfuserGame/Content/Meshes/Hill_winter_004.uasset" 287
"../../../../../Alby/Documents/TransfuserGame/Content/Meshes/Material__25_018.uasset" 288
"../../../../../Alby/Documents/TransfuserGame/Content/Meshes/Hill_winter_005.uasset" 289
"../../../../../Alby/Documents/TransfuserGame/Content/Meshes/Yellow_2.uasset" 290
"../../../../../Alby/Documents/TransfuserGame/Content/Meshes/Plant_4_Plant_4.uasset" 291
"../../../../../Alby/Documents/TransfuserGame/Content/Meshes/Material__25_008.uasset" 292
"../../../../../Alby/Documents/TransfuserGame/Content/Meshes/Plateau_winter_002.uasset" 293
"../../../../../Alby/Documents/TransfuserGame/Content/Meshes/Material__25_009.uasset" 294
"../../../../../Alby/Documents/TransfuserGame/Content/Meshes/Plateau_winter_003.uasset" 295
"../../../../../Alby/Documents/TransfuserGame/Content/Meshes/Gray_1.uasset" 296
"../../../../../Alby/Documents/TransfuserGame/Content/Meshes/Rock_5_Rock_5.uasset" 297
"../../../../../Alby/Documents/TransfuserGame/Content/Meshes/Brown_10.uasset" 298
"../../../../../Alby/Documents/TransfuserGame/Content/Meshes/Yellow_3.uasset" 299
"../../../../../Alby/Documents/TransfuserGame/Content/Meshes/Terrain_1_Terrain_1.uasset" 300
"../../../../../Alby/Documents/TransfuserGame/Content/Meshes/Green_13.uasset" 301
"../../../../../Alby/Documents/TransfuserGame/Content/Meshes/Terrain_2.uasset" 302
"../../../../../Alby/Documents/TransfuserGame/Content/Meshes/Green_10.uasset" 303
"../../../../../Alby/Documents/TransfuserGame/Content/Meshes/Tree_1_Leaves_1.uasset" 304
"../../../../../Alby/Documents/TransfuserGame/Content/Meshes/Tree_1_Leaves_2.uasset" 305
"../../../../../Alby/Documents/TransfuserGame/Content/Meshes/Tree_1_Leaves_3.uasset" 306
"../../../../../Alby/Documents/TransfuserGame/Content/Meshes/Green_11.uasset" 307
"../../../../../Alby/Documents/TransfuserGame/Content/Meshes/Tree_2_Leaves_1.uasset" 308
"../../../../../Alby/Documents/TransfuserGame/Content/Meshes/Tree_2_Leaves_2.uasset" 309
"../../../../../Alby/Documents/TransfuserGame/Content/Meshes/Tree_2_Leaves_3.uasset" 310
"../../../../../Alby/Documents/TransfuserGame/Content/Meshes/Tree_2_Leaves_4.uasset" 311
"../../../../../Alby/Documents/TransfuserGame/Content/Meshes/Tree_2_Leaves_5.uasset" 312
"../../../../../Alby/Documents/TransfuserGame/Content/Meshes/Green_12.uasset" 313
"../../../../../Alby/Documents/TransfuserGame/Content/Meshes/Tree_3_Leaves_1.uasset" 314
"../../../../../Alby/Documents/TransfuserGame/Content/Meshes/Tree_3_Leaves_2.uasset" 315
"../../../../../Alby/Documents/TransfuserGame/Content/Meshes/Tree_3_Leaves_3.uasset" 316
"../../../../../Alby/Documents/TransfuserGame/Content/Meshes/Tree_3_Leaves_4.uasset" 317
"../../../../../Alby/Documents/TransfuserGame/Content/Meshes/Tree_3_Leaves_5.uasset" 318
"../../../../../Alby/Documents/TransfuserGame/Content/Meshes/Tree_3_Leaves_6.uasset" 319
"../../../../../Alby/Documents/TransfuserGame/Content/StarterContent/Architecture/Pillar_50x500.uasset" 320
"../../../../../Alby/Documents/TransfuserGame/Content/StarterContent/Architecture/Wall_400x300.uasset" 321
"../../../../../Alby/Documents/TransfuserGame/Content/StarterContent/Architecture/Wall_400x400.uasset" 322
"../../../../../Alby/Documents/TransfuserGame/Content/StarterContent/Architecture/Wall_500x500.uasset" 323
"../../../../../Alby/Documents/TransfuserGame/Content/StarterContent/Architecture/Wall_Door_400x400.uasset" 324
"../../../../../Alby/Documents/TransfuserGame/Content/StarterContent/Architecture/Wall_Window_400x400.uasset" 325
"../../../../../Alby/Documents/TransfuserGame/Content/StarterContent/Audio/Collapse01.uasset" 326
"../../../../../Alby/Documents/TransfuserGame/Content/StarterContent/Audio/Collapse02.uasset" 327
"../../../../../Alby/Documents/TransfuserGame/Content/StarterContent/Audio/Explosion01.uasset" 328
"../../../../../Alby/Documents/TransfuserGame/Content/StarterContent/Audio/Explosion02.uasset" 329
"../../../../../Alby/Documents/TransfuserGame/Content/StarterContent/Audio/Fire01.uasset" 330
"../../../../../Alby/Documents/TransfuserGame/Content/StarterContent/Audio/Fire_Sparks01.uasset" 331
"../../../../../Alby/Documents/TransfuserGame/Content/StarterContent/Audio/Light01.uasset" 332
"../../../../../Alby/Documents/TransfuserGame/Content/StarterContent/Audio/Light01_Cue.uasset" 333
"../../../../../Alby/Documents/TransfuserGame/Content/StarterContent/Audio/Light02.uasset" 334
"../../../../../Alby/Documents/TransfuserGame/Content/StarterContent/Audio/Light02_Cue.uasset" 335
"../../../../../Alby/Documents/TransfuserGame/Content/StarterContent/Audio/Smoke01.uasset" 336
"../../../../../Alby/Documents/TransfuserGame/Content/StarterContent/Audio/Starter_Birds01.uasset" 337
"../../../../../Alby/Documents/TransfuserGame/Content/StarterContent/Audio/Starter_Music01.uasset" 338
"../../../../../Alby/Documents/TransfuserGame/Content/StarterContent/Audio/Starter_Wind05.uasset" 339
"../../../../../Alby/Documents/TransfuserGame/Content/StarterContent/Audio/Starter_Wind06.uasset" 340
"../../../../../Alby/Documents/TransfuserGame/Content/StarterContent/Audio/Steam01.uasset" 341
"../../../../../Alby/Documents/TransfuserGame/Content/StarterContent/Audio/Explosion_Cue.uasset" 342
"../../../../../Alby/Documents/TransfuserGame/Content/StarterContent/Textures/T_Burst_M.uasset" 343
"../../../../../Alby/Documents/TransfuserGame/Content/StarterContent/Particles/Materials/M_Burst.uasset" 344
"../../../../../Alby/Documents/TransfuserGame/Content/StarterContent/Textures/T_Explosion_SubUV.uasset" 345
"../../../../../Alby/Documents/TransfuserGame/Content/StarterContent/Particles/Materials/M_explosion_subUV.uasset" 346
"../../../../../Alby/Documents/TransfuserGame/Content/StarterContent/Particles/Materials/m_flare_01.uasset" 347
"../../../../../Alby/Documents/TransfuserGame/Content/StarterContent/Particles/Materials/M_radial_ramp.uasset" 348
"../../../../../Alby/Documents/TransfuserGame/Content/StarterContent/Textures/T_Smoke_SubUV.uasset" 349
"../../../../../Alby/Documents/TransfuserGame/Content/StarterContent/Textures/T_Smoke_Tiled_D.uasset" 350
"../../../../../Alby/Documents/TransfuserGame/Content/StarterContent/Particles/Materials/M_smoke_subUV.uasset" 351
"../../../../../Alby/Documents/TransfuserGame/Content/StarterContent/Particles/P_Explosion.uasset" 352
"../../../../../Alby/Documents/TransfuserGame/Content/StarterContent/Blueprints/Blueprint_Effect_Explosion.uasset" 353
"../../../Engine/Content/EditorMeshes/ColorCalibrator/T_ColorGrid.uasset" 354
"../../../../../Alby/Documents/TransfuserGame/Content/StarterContent/Materials/M_ColorGrid_LowSpec.uasset" 355
"../../../../../Alby/Documents/TransfuserGame/Content/StarterContent/Particles/Jump.uasset" 356
"../../../../../Alby/Documents/TransfuserGame/Content/StarterContent/Textures/T_Bush_D.uasset" 357
"../../../../../Alby/Documents/TransfuserGame/Content/StarterContent/Textures/T_Bush_N.uasset" 358
"../../../../../Alby/Documents/TransfuserGame/Content/StarterContent/Props/Materials/M_Bush.uasset" 359
"../../../../../Alby/Documents/TransfuserGame/Content/StarterContent/Props/SM_Bush.uasset" 360
"../../../../../Alby/Documents/TransfuserGame/Content/StarterContent/Textures/T_Chair_M.uasset" 361
"../../../../../Alby/Documents/TransfuserGame/Content/StarterContent/Textures/T_Chair_N.uasset" 362
"../../../../../Alby/Documents/TransfuserGame/Content/StarterContent/Props/Materials/M_Chair.uasset" 363
"../../../../../Alby/Documents/TransfuserGame/Content/StarterContent/Props/SM_Couch.uasset" 364
"../../../../../Alby/Documents/TransfuserGame/Content/StarterContent/Materials/M_Glass.uasset" 365
"../../../../../Alby/Documents/TransfuserGame/Content/StarterContent/Textures/T_Door_M.uasset" 366
"../../../../../Alby/Documents/TransfuserGame/Content/StarterContent/Textures/T_Door_N.uasset" 367
"../../../../../Alby/Documents/TransfuserGame/Content/StarterContent/Props/Materials/M_Door.uasset" 368
"../../../../../Alby/Documents/TransfuserGame/Content/StarterContent/Props/SM_Door.uasset" 369
"../../../../../Alby/Documents/TransfuserGame/Content/StarterContent/Props/Materials/M_MaterialSphere.uasset" 370
"../../../../../Alby/Documents/TransfuserGame/Content/StarterContent/Props/Materials/M_MaterialSphere_Plain.uasset" 371
"../../../../../Alby/Documents/TransfuserGame/Content/StarterContent/Props/SM_MatPreviewMesh_02.uasset" 372
"../../../../../Alby/Documents/TransfuserGame/Content/StarterContent/Textures/T_Detail_Rocky_N.uasset" 373
"../../../../../Alby/Documents/TransfuserGame/Content/StarterContent/Textures/T_Rock_Basalt_D.uasset" 374
"../../../../../Alby/Documents/TransfuserGame/Content/StarterContent/Textures/T_RockMesh_M.uasset" 375
"../../../../../Alby/Documents/TransfuserGame/Content/StarterContent/Textures/T_RockMesh_N.uasset" 376
"../../../../../Alby/Documents/TransfuserGame/Content/StarterContent/Props/Materials/M_Rock.uasset" 377
"../../../../../Alby/Documents/TransfuserGame/Content/StarterContent/Props/SM_Rock.uasset" 378
"../../../../../Alby/Documents/TransfuserGame/Content/StarterContent/Textures/T_Shelf_M.uasset" 379
"../../../../../Alby/Documents/TransfuserGame/Content/StarterContent/Textures/T_Shelf_N.uasset" 380
"../../../../../Alby/Documents/TransfuserGame/Content/StarterContent/Props/Materials/M_Shelf.uasset" 381
"../../../../../Alby/Documents/TransfuserGame/Content/StarterContent/Props/SM_Shelf.uasset" 382
"../../../../../Alby/Documents/TransfuserGame/Content/StarterContent/Props/SM_Stairs.uasset" 383
"../../../../../Alby/Documents/TransfuserGame/Content/StarterContent/Shapes/Shape_Cone.uasset" 384
"../../../../../Alby/Documents/TransfuserGame/Content/StarterContent/Shapes/Shape_NarrowCapsule.uasset" 385
"../../../../../Alby/Documents/TransfuserGame/Content/StarterContent/Shapes/Shape_Pipe.uasset" 386
"../../../../../Alby/Documents/TransfuserGame/Content/StarterContent/Shapes/Shape_Pipe_180.uasset" 387
"../../../../../Alby/Documents/TransfuserGame/Content/StarterContent/Shapes/Shape_Pipe_90.uasset" 388
"../../../../../Alby/Documents/TransfuserGame/Content/StarterContent/Shapes/Shape_Plane.uasset" 389
"../../../../../Alby/Documents/TransfuserGame/Content/StarterContent/Shapes/Shape_Torus.uasset" 390
"../../../../../Alby/Documents/TransfuserGame/Content/StarterContent/Shapes/Shape_Trim.uasset" 391
"../../../../../Alby/Documents/TransfuserGame/Content/StarterContent/Shapes/Shape_Trim_90_In.uasset" 392
"../../../../../Alby/Documents/TransfuserGame/Content/StarterContent/Shapes/Shape_Trim_90_Out.uasset" 393
"../../../../../Alby/Documents/TransfuserGame/Content/StarterContent/Shapes/Shape_TriPyramid.uasset" 394
"../../../../../Alby/Documents/TransfuserGame/Content/StarterContent/Shapes/Shape_Tube.uasset" 395
"../../../../../Alby/Documents/TransfuserGame/Content/StarterContent/Shapes/Shape_Wedge_A.uasset" 396
"../../../../../Alby/Documents/TransfuserGame/Content/StarterContent/Shapes/Shape_Wedge_B.uasset" 397
"../../../../../Alby/Documents/TransfuserGame/Content/TEST/HitBox.uasset" 398
"../../../../../Alby/Documents/TransfuserGame/Content/TEST/TEST_L.uasset" 399
"../../../../../Alby/Documents/TransfuserGame/Content/Textures/initialShadingGroup_Base_Color.uasset" 400
"../../../../../Alby/Documents/TransfuserGame/Content/Textures/initialShadingGroup_Height.uasset" 401
"../../../../../Alby/Documents/TransfuserGame/Content/Textures/initialShadingGroup_Metallic.uasset" 402
"../../../../../Alby/Documents/TransfuserGame/Content/Textures/initialShadingGroup_Normal.uasset" 403
"../../../../../Alby/Documents/TransfuserGame/Content/Textures/initialShadingGroup_Roughness.uasset" 404
"../../../../../Alby/Documents/TransfuserGame/Content/Textures/Projectile_gj_low_initialShadingGroup_BaseColor.uasset" 405
"../../../../../Alby/Documents/TransfuserGame/Content/Textures/Projectile_gj_low_initialShadingGroup_Normal.uasset" 406
"../../../../../Alby/Documents/TransfuserGame/Content/Textures/Projectile_gj_low_initialShadingGroup_OcclusionRoughnessMetallic.uasset" 407
"../../../../../Alby/Documents/TransfuserGame/Content/Textures/Projectile_platform_low_blinn3SG_BaseColor.uasset" 408
"../../../../../Alby/Documents/TransfuserGame/Content/Textures/Projectile_platform_low_blinn3SG_Normal.uasset" 409
"../../../../../Alby/Documents/TransfuserGame/Content/Textures/Projectile_platform_low_blinn3SG_OcclusionRoughnessMetallic.uasset" 410
"../../../Engine/Content/Animation/DefaultAnimCurveCompressionSettings.uasset" 411
"../../../Engine/Content/ArtTools/RenderToTexture/Meshes/S_1_Unit_Plane.uasset" 412
"../../../Engine/Content/EngineMaterials/DefaultMaterial.uasset" 413
"../../../Engine/Content/BasicShapes/Cone.uasset" 414
"../../../Engine/Content/BasicShapes/Cylinder.uasset" 415
"../../../Engine/Content/EditorLandscapeResources/DataLayer.uasset" 416
"../../../Engine/Content/EditorMaterials/GizmoMaterial.uasset" 417
"../../../Engine/Content/EditorMaterials/MAT_Groups_Toggle.uasset" 418
"../../../Engine/Content/EditorMaterials/MAT_Groups_Visibility.uasset" 419
"../../../Engine/Content/EditorMaterials/PreviewShadowIndicator.uasset" 420
"../../../Engine/Content/EditorMaterials/PreviewShadowIndicatorMaterial.uasset" 421
"../../../Engine/Content/EditorMaterials/MatineeGroups/MAT_ColorTrack.uasset" 422
"../../../Engine/Content/EditorMaterials/MatineeGroups/MAT_Groups_Anim.uasset" 423
"../../../Engine/Content/EditorMaterials/MatineeGroups/MAT_Groups_AudioMaster.uasset" 424
"../../../Engine/Content/EditorMaterials/MatineeGroups/MAT_Groups_Director.uasset" 425
"../../../Engine/Content/EditorMaterials/MatineeGroups/MAT_Groups_Event.uasset" 426
"../../../Engine/Content/EditorMaterials/MatineeGroups/MAT_Groups_Fade.uasset" 427
"../../../Engine/Content/EditorMaterials/MatineeGroups/MAT_Groups_Float.uasset" 428
"../../../Engine/Content/EditorMaterials/MatineeGroups/MAT_Groups_Move.uasset" 429
"../../../Engine/Content/EditorMaterials/MatineeGroups/MAT_Groups_Slomo.uasset" 430
"../../../Engine/Content/EditorMaterials/MatineeGroups/MAT_Groups_Sound.uasset" 431
"../../../Engine/Content/EditorMaterials/MatineeGroups/MAT_Groups_Vector.uasset" 432
"../../../Engine/Content/EditorMaterials/ParticleSystems/PSysThumbnail_NoImage.uasset" 433
"../../../Engine/Content/EditorMaterials/ParticleSystems/PSysThumbnail_OOD.uasset" 434
"../../../Engine/Content/EditorMaterials/Camera/CineMat.uasset" 435
"../../../Engine/Content/EditorMaterials/Camera/MI_CineMat_Rig.uasset" 436
"../../../Engine/Content/EditorMeshes/Camera/SM_CraneRig_Arm.uasset" 437
"../../../Engine/Content/EditorMeshes/Camera/SM_CraneRig_Base.uasset" 438
"../../../Engine/Content/EditorMeshes/Camera/SM_CraneRig_Body.uasset" 439
"../../../Engine/Content/EditorMeshes/Camera/SM_CraneRig_Mount.uasset" 440
"../../../Engine/Content/EditorMeshes/Camera/SM_RailRig_Mount.uasset" 441
"../../../Engine/Content/EditorMeshes/Camera/SM_RailRig_Track.uasset" 442
"../../../Engine/Content/EditorResources/BSPVertex.uasset" 443
"../../../Engine/Content/EditorResources/EmptyActor.uasset" 444
"../../../Engine/Content/EditorResources/S_Actor.uasset" 445
"../../../Engine/Content/EditorResources/S_KBSJoint.uasset" 446
"../../../Engine/Content/EditorResources/S_Note.uasset" 447
"../../../Engine/Content/EditorResources/S_Trigger.uasset" 448
"../../../Engine/Content/EditorResources/AudioIcons/S_AudioComponent.uasset" 449
"../../../Engine/Content/EditorResources/AudioIcons/S_AudioComponent_AutoActivate.uasset" 450
"../../../Engine/Content/EditorResources/LightIcons/S_LightError.uasset" 451
"../../../Engine/Content/EditorResources/SequenceRecorder/Countdown.uasset" 452
"../../../Engine/Content/EditorResources/SequenceRecorder/RecordingIndicator.uasset" 453
"../../../Engine/Content/EditorSounds/Notifications/CompileFailed.uasset" 454
"../../../Engine/Content/EditorSounds/Notifications/CompileFailed_Cue.uasset" 455
"../../../Engine/Content/EditorSounds/Notifications/CompileSuccess.uasset" 456
"../../../Engine/Content/EditorSounds/Notifications/CompileStart_Cue.uasset" 457
"../../../Engine/Content/EditorSounds/Notifications/CompileSuccess_Cue.uasset" 458
"../../../Engine/Content/EngineDamageTypes/DmgTypeBP_Environmental.uasset" 459
"../../../Engine/Content/EngineDebugMaterials/HeatmapGradient.uasset" 460
"../../../Engine/Content/EngineDebugMaterials/BoneWeightMaterial.uasset" 461
"../../../Engine/Content/EngineDebugMaterials/ClothMaterial.uasset" 462
"../../../Engine/Content/EngineDebugMaterials/ClothMaterial_WF.uasset" 463
"../../../Engine/Content/EngineDebugMaterials/DebugEditorMaterial.uasset" 464
"../../../Engine/Content/EngineDebugMaterials/DebugMeshMaterial.uasset" 465
"../../../Engine/Content/EngineDebugMaterials/GeomMaterial.uasset" 466
"../../../Engine/Content/EngineDebugMaterials/M_SimpleTranslucent.uasset" 467
"../../../Engine/Content/EngineFonts/Faces/RobotoBold.uasset" 468
"../../../Engine/Content/EngineFonts/Faces/RobotoBoldItalic.uasset" 469
"../../../Engine/Content/EngineFonts/Faces/RobotoItalic.uasset" 470
"../../../Engine/Content/EngineFonts/Faces/RobotoLight.uasset" 471
"../../../Engine/Content/EngineFonts/Faces/RobotoRegular.uasset" 472
"../../../Engine/Content/EngineFonts/Roboto.uasset" 473
"../../../Engine/Content/EngineFonts/Faces/RobotoTiny.uasset" 474
"../../../Engine/Content/EngineFonts/RobotoTiny.uasset" 475
"../../../Engine/Content/EngineMaterials/BaseFlattenDiffuseMap.uasset" 476
"../../../Engine/Content/EngineMaterials/BaseFlattenEmissiveMap.uasset" 477
"../../../Engine/Content/EngineMaterials/BaseFlattenGrayscaleMap.uasset" 478
"../../../Engine/Content/EngineMaterials/BaseFlattenNormalMap.uasset" 479
"../../../Engine/Content/EngineMaterials/BaseFlattenMaterial.uasset" 480
"../../../Engine/Content/EngineMaterials/DefaultBloomKernel.uasset" 481
"../../../Engine/Content/EngineMaterials/DefaultBokeh.uasset" 482
"../../../Engine/Content/EngineMaterials/DefaultDiffuse.uasset" 483
"../../../Engine/Content/EngineMaterials/DefaultDeferredDecalMaterial.uasset" 484
"../../../Engine/Content/EngineMaterials/DefaultLightFunctionMaterial.uasset" 485
"../../../Engine/Content/EngineMaterials/DefaultPhysicalMaterial.uasset" 486
"../../../Engine/Content/EngineMaterials/DefaultPostProcessMaterial.uasset" 487
"../../../Engine/Content/EngineFonts/RobotoDistanceField.uasset" 488
"../../../Engine/Content/EngineMaterials/DefaultTextMaterialOpaque.uasset" 489
"../../../Engine/Content/EngineMaterials/DefaultWhiteGrid.uasset" 490
"../../../Engine/Content/EngineMaterials/EditorBrushMaterial.uasset" 491
"../../../Engine/Content/EngineMaterials/Good64x64TilingNoiseHighFreq.uasset" 492
"../../../Engine/Content/EngineMaterials/MiniFont.uasset" 493
"../../../Engine/Content/EngineMaterials/InvalidLightmapSettings.uasset" 494
"../../../Engine/Content/EngineMaterials/M_InvalidLightmapSettings.uasset" 495
"../../../Engine/Content/Functions/Engine_MaterialFunctions02/WorldPositionOffset/CameraOffset.uasset" 496
"../../../Engine/Content/EngineMaterials/PhAT_JointLimitMaterial.uasset" 497
"../../../Engine/Content/EngineMaterials/PreintegratedSkinBRDF.uasset" 498
"../../../Engine/Content/EngineMaterials/RemoveSurfaceMaterial.uasset" 499
"../../../Engine/Content/EngineMaterials/WeightMapPlaceholderTexture.uasset" 500
"../../../Engine/Content/EngineResources/WhiteSquareTexture.uasset" 501
"../../../Engine/Content/EngineMaterials/Widget3DPassThrough.uasset" 502
"../../../Engine/Content/EngineMaterials/Widget3DPassThrough_Masked.uasset" 503
"../../../Engine/Content/EngineMaterials/Widget3DPassThrough_Opaque.uasset" 504
"../../../Engine/Content/EngineMaterials/Widget3DPassThrough_Masked_OneSided.uasset" 505
"../../../Engine/Content/EngineMaterials/Widget3DPassThrough_Opaque_OneSided.uasset" 506
"../../../Engine/Content/EngineMaterials/Widget3DPassThrough_Translucent.uasset" 507
"../../../Engine/Content/EngineMaterials/Widget3DPassThrough_Translucent_OneSided.uasset" 508
"../../../Engine/Content/EngineMeshes/Cylinder.uasset" 509
"../../../Engine/Content/EngineMeshes/Sphere.uasset" 510
"../../../Engine/Content/EngineResources/Black.uasset" 511
"../../../Engine/Content/EngineResources/DefaultTexture.uasset" 512
"../../../Engine/Content/EngineResources/DefaultTextureCube.uasset" 513
"../../../Engine/Content/EngineResources/DefaultVolumeTexture2D.uasset" 514
"../../../Engine/Content/EngineResources/DefaultVolumeTexture.uasset" 515
"../../../Engine/Content/EngineResources/GradientTexture0.uasset" 516
"../../../Engine/Content/EngineSounds/Master.uasset" 517
"../../../Engine/Content/Functions/Engine_MaterialFunctions01/Shading/ConvertFromDiffSpec.uasset" 518
"../../../Engine/Content/Functions/Engine_MaterialFunctions01/Shading/PowerToRoughness.uasset" 519
"../../../Engine/Content/Maps/Templates/Thumbnails/Default.uasset" 520
"../../../Engine/Content/Maps/Templates/Thumbnails/VR-Basic.uasset" 521
"../../../Engine/Content/MobileResources/T_MobileControls_texture.uasset" 522
"../../../Engine/Content/MobileResources/T_MobileMenu2.uasset" 523
"../../../Engine/Content/MobileResources/HUD/AnalogHat.uasset" 524
"../../../Engine/Content/MobileResources/HUD/VirtualJoystick_Background.uasset" 525
"../../../Engine/Content/MobileResources/HUD/VirtualJoystick_Thumb.uasset" 526
"../../../Engine/Content/MobileResources/HUD/DefaultVirtualJoysticks.uasset" 527
"../../../Engine/Content/MobileResources/HUD/LeftVirtualJoystickOnly.uasset" 528
"../../../Engine/Content/MobileResources/HUD/MobileHUDButton1_off.uasset" 529
"../../../Engine/Content/MobileResources/HUD/MobileHUDButton1_on.uasset" 530
"../../../Engine/Content/MobileResources/HUD/MobileHUDButton2_off.uasset" 531
"../../../Engine/Content/MobileResources/HUD/MobileHUDButton2_on.uasset" 532
"../../../Engine/Content/MobileResources/HUD/MobileHUDButton3.uasset" 533
"../../../Engine/Content/MobileResources/HUD/MobileHUDButtonFire.uasset" 534
"../../../Engine/Content/MobileResources/HUD/MobileHUDDirectionPad.uasset" 535
"../../../Engine/Content/MobileResources/HUD/MobileHUDDirectionPad2.uasset" 536
"../../../Engine/Content/MobileResources/HUD/MobileHUDDirectionPad3.uasset" 537
"../../../Engine/Content/MobileResources/HUD/MobileHUDDirectionStick.uasset" 538
"../../../Engine/Content/MobileResources/HUD/T_Castle_ThumbstickInner.uasset" 539
"../../../Engine/Content/MobileResources/HUD/T_Castle_ThumbstickOutter.uasset" 540
"../../../Engine/Content/Tutorial/ContentIntroCurve.uasset" 541
"../../../Engine/Content/Tutorial/Basics/LevelEditorAttract.uasset" 542
"../../../Engine/Content/VREditor/LaserPointer/VR_LaserPower_01.uasset" 543
"../../../Engine/Content/VREditor/TransformGizmo/TransformGizmoMaterial.uasset" 544
"../../../Engine/Content/VREditor/TransformGizmo/TranslucentTransformGizmoMaterial.uasset" 545
"../../../Engine/Content/VREditor/TransformGizmo/BoundingBoxCorner.uasset" 546
"../../../Engine/Content/VREditor/TransformGizmo/BoundingBoxEdge.uasset" 547
"../../../Engine/Content/VREditor/TransformGizmo/PlaneTranslationHandle.uasset" 548
"../../../Engine/Content/VREditor/TransformGizmo/Main.uasset" 549
"../../../Engine/Content/VREditor/TransformGizmo/Xray.uasset" 550
"../../../Engine/Content/VREditor/TransformGizmo/SM_Sequencer_Key.uasset" 551
"../../../Engine/Content/VREditor/TransformGizmo/SM_Sequencer_Node.uasset" 552
"../../Plugins/2D/Paper2D/Content/PlaceholderTextures/DummySpriteTexture.uasset" 553
"../../Plugins/2D/Paper2D/Content/DummySprite.uasset" 554
"../../Plugins/2D/Paper2D/Content/DefaultPaperTerrainMaterial.uasset" 555
"../../Plugins/2D/Paper2D/Content/DummySpriteTexture.uasset" 556
"../../Plugins/2D/Paper2D/Content/DefaultSpriteMaterial.uasset" 557
"../../Plugins/2D/Paper2D/Content/MaskedUnlitSpriteMaterial.uasset" 558
"../../Plugins/2D/Paper2D/Content/OpaqueUnlitSpriteMaterial.uasset" 559
"../../Plugins/Runtime/Oculus/OculusVR/Content/OculusMR_RenderTarget.uasset" 560
"../../../Engine/Content/Functions/Engine_MaterialFunctions02/Utility/BreakOutFloat4Components.uasset" 561
"../../../Engine/Content/Functions/Engine_MaterialFunctions02/Utility/MakeFloat2.uasset" 562
"../../Plugins/Runtime/Oculus/OculusVR/Content/Materials/OculusMR_ChromaKey.uasset" 563
"../../Plugins/Runtime/Oculus/OculusVR/Content/Materials/OculusMR_ChromaKey_Lit.uasset" 564
"../../Plugins/Runtime/Oculus/OculusVR/Content/Materials/OculusMR_OpaqueColoredMaterial.uasset" 565
"../../Plugins/Runtime/Oculus/OculusVR/Content/Materials/OculusMR_WhiteMaterial.uasset" 566
"../../Plugins/Runtime/Oculus/OculusVR/Content/Materials/PokeAHoleMaterial.uasset" 567
"../../Plugins/Runtime/Oculus/OculusVR/Content/Textures/GearVRController_AO.uasset" 568
"../../Plugins/Runtime/Oculus/OculusVR/Content/Textures/GearVRController_Color.uasset" 569
"../../Plugins/Runtime/Oculus/OculusVR/Content/Textures/GearVRController_Normal.uasset" 570
"../../Plugins/Runtime/Oculus/OculusVR/Content/Materials/GearVRControllerMaterial.uasset" 571
"../../Plugins/Runtime/Oculus/OculusVR/Content/Meshes/GearVrController.uasset" 572
"../../Plugins/Runtime/Oculus/OculusVR/Content/Textures/touchController_albedo.uasset" 573
"../../Plugins/Runtime/Oculus/OculusVR/Content/Textures/touchController_controlmap.uasset" 574
"../../Plugins/Runtime/Oculus/OculusVR/Content/Materials/touchController_mat.uasset" 575
"../../Plugins/Runtime/Oculus/OculusVR/Content/Meshes/LeftTouchController.uasset" 576
"../../Plugins/Runtime/Oculus/OculusVR/Content/Meshes/RiftHMD.uasset" 577
"../../Plugins/Runtime/Oculus/OculusVR/Content/Meshes/RightTouchController.uasset" 578
"../../../Engine/Content/EngineSky/C_Sky_Cloud_Color.uasset" 579
"../../../Engine/Content/EngineSky/C_Sky_Horizon_Color.uasset" 580
"../../../Engine/Content/EngineSky/C_Sky_Zenith_Color.uasset" 581
"../../../Engine/Content/EngineSky/T_Sky_Blue.uasset" 582
"../../../Engine/Content/EngineSky/T_Sky_Clouds_M.uasset" 583
"../../../Engine/Content/EngineSky/T_Sky_Stars.uasset" 584
"../../../Engine/Content/EngineSky/M_Sky_Panning_Clouds2.uasset" 585
"../../../Engine/Content/EngineSky/SM_SkySphere.uasset" 586
"../../../Engine/Content/EngineSky/BP_Sky_Sphere.uasset" 587
"../../../../../Alby/Documents/TransfuserGame/Content/Maps/lv.umap" 588
"../../../../../Alby/Documents/TransfuserGame/Content/FirstPersonBP/Blueprints/FirstPersonCharacterJUMPING.uasset" 589
"../../../../../Alby/Documents/TransfuserGame/Content/FirstPerson/Textures/FirstPersonCrosshair.uasset" 590
"../../../../../Alby/Documents/TransfuserGame/Content/FirstPersonBP/Blueprints/FirstPersonHUD.uasset" 591
"../../../../../Alby/Documents/TransfuserGame/Content/FirstPersonBP/Blueprints/FirstPersonGameMode.uasset" 592
"../../../../../Alby/Documents/TransfuserGame/Content/FirstPersonBP/Maps/FirstPersonExampleMap_BuiltData.uasset" 593
"../../../../../Alby/Documents/TransfuserGame/Content/FirstPersonBP/Maps/FirstPersonExampleMap.umap" 594
"../../../../../Alby/Documents/TransfuserGame/Content/GoodSky/Source/Data/Curve/Curve_GoodSky_Stars.uasset" 595
"../../../../../Alby/Documents/TransfuserGame/Content/GoodSky/Source/Data/Curve/Curve_GoodSky_SunLight.uasset" 596
"../../../../../Alby/Documents/TransfuserGame/Content/GoodSky/Source/Data/Curve/Curve_GoodSky_AllOverlayColor.uasset" 597
"../../../../../Alby/Documents/TransfuserGame/Content/GoodSky/Source/Data/Curve/Curve_GoodSky_BaseCloudColor.uasset" 598
"../../../../../Alby/Documents/TransfuserGame/Content/GoodSky/Source/Data/Curve/Curve_GoodSky_DomeColor.uasset" 599
"../../../../../Alby/Documents/TransfuserGame/Content/GoodSky/Source/Data/Curve/Curve_GoodSky_horizon_Color.uasset" 600
"../../../../../Alby/Documents/TransfuserGame/Content/GoodSky/Source/Data/Curve/Curve_GoodSky_SunDirection_Vector.uasset" 601
"../../../../../Alby/Documents/TransfuserGame/Content/GoodSky/Source/Data/Structure/Structure_GoodSky.uasset" 602
"../../../../../Alby/Documents/TransfuserGame/Content/GoodSky/Source/Data/DataTable/DataTable_GoodSky.uasset" 603
"../../../../../Alby/Documents/TransfuserGame/Content/GoodSky/Source/ArrowTool/T_GoodSky_SkyRing.uasset" 604
"../../../../../Alby/Documents/TransfuserGame/Content/GoodSky/Source/ArrowTool/M_GoodSky_SkyRing_.uasset" 605
"../../../../../Alby/Documents/TransfuserGame/Content/GoodSky/Source/ArrowTool/M_GoodSky_Sun_Emissive.uasset" 606
"../../../../../Alby/Documents/TransfuserGame/Content/GoodSky/Source/Materials/Material_Function/MF_GoodSky_SkyDomeAlpha.uasset" 607
"../../../../../Alby/Documents/TransfuserGame/Content/GoodSky/Source/Materials/Material_Function/MF_GoodSky_Time.uasset" 608
"../../../../../Alby/Documents/TransfuserGame/Content/GoodSky/Source/Textures/T_GoodSky_clouds_A.uasset" 609
"../../../../../Alby/Documents/TransfuserGame/Content/GoodSky/Source/Textures/T_GoodSky_clouds_B.uasset" 610
"../../../../../Alby/Documents/TransfuserGame/Content/GoodSky/Source/Textures/T_GoodSky_clouds_F.uasset" 611
"../../../../../Alby/Documents/TransfuserGame/Content/GoodSky/Source/Textures/T_GoodSky_clouds_sphere.uasset" 612
"../../../../../Alby/Documents/TransfuserGame/Content/GoodSky/Source/Materials/M_GoodSky_Base.uasset" 613
"../../../Engine/Content/Functions/Engine_MaterialFunctions01/Texturing/ScaleUVsAroundPoint.uasset" 614
"../../../../../Alby/Documents/TransfuserGame/Content/GoodSky/Source/Textures/T_GoodSky_Moon.uasset" 615
"../../../../../Alby/Documents/TransfuserGame/Content/GoodSky/Source/Materials/M_GoodSky_Moon.uasset" 616
"../../../Engine/Content/Functions/Engine_MaterialFunctions01/Texturing/ComputeMipLevel.uasset" 617
"../../../Engine/Content/Functions/Engine_MaterialFunctions01/Texturing/TextureCropping.uasset" 618
"../../../Engine/Content/Functions/Engine_MaterialFunctions02/ExampleContent/DebugNumberStrip.uasset" 619
"../../../Engine/Content/Functions/Engine_MaterialFunctions02/ExampleContent/Textures/DebugNumberPeriod.uasset" 620
"../../../Engine/Content/Functions/Engine_MaterialFunctions02/Utility/DebugScalarValues.uasset" 621
"../../../Engine/Content/Functions/Engine_MaterialFunctions02/Utility/DebugFloat3Values.uasset" 622
"../../../Engine/Content/Functions/Engine_MaterialFunctions02/Math/RGBtoHSV.uasset" 623
"../../../Engine/Content/Functions/Engine_MaterialFunctions02/Utility/DebugFloat4Values.uasset" 624
"../../../../../Alby/Documents/TransfuserGame/Content/GoodSky/Source/Textures/T_GoodSky_Lightning.uasset" 625
"../../../../../Alby/Documents/TransfuserGame/Content/GoodSky/Source/Materials/M_GoodSky_Storm.uasset" 626
"../../../../../Alby/Documents/TransfuserGame/Content/GoodSky/Source/Textures/T_GoodSky_Stars.uasset" 627
"../../../../../Alby/Documents/TransfuserGame/Content/GoodSky/Source/Materials/M_GoodSky_Sun_Stars.uasset" 628
"../../../Engine/Content/BasicShapes/Plane.uasset" 629
"../../../Engine/Content/BasicShapes/Sphere.uasset" 630
"../../../../../Alby/Documents/TransfuserGame/Content/GoodSky/Source/ArrowTool/SM_GoodSky_StarMesh.uasset" 631
"../../../../../Alby/Documents/TransfuserGame/Content/GoodSky/Source/Data/Enum/Enum_GoodSky_Clouds_Coverage.uasset" 632
"../../../../../Alby/Documents/TransfuserGame/Content/GoodSky/Source/Data/Enum/Enum_GoodSky_Effects.uasset" 633
"../../../../../Alby/Documents/TransfuserGame/Content/GoodSky/Source/Data/Enum/Enum_GoodSky_MeshType.uasset" 634
"../../../../../Alby/Documents/TransfuserGame/Content/GoodSky/Source/Data/Enum/Enum_GoodSky_Preset.uasset" 635
"../../../../../Alby/Documents/TransfuserGame/Content/GoodSky/Source/Data/Enum/Enum_GoodSky_Style_Clouds.uasset" 636
"../../../../../Alby/Documents/TransfuserGame/Content/GoodSky/Source/Mesh/SM_GoodSky_Hemisphere.uasset" 637
"../../../../../Alby/Documents/TransfuserGame/Content/GoodSky/Source/Mesh/SM_GoodSky_Sphere.uasset" 638
"../../../../../Alby/Documents/TransfuserGame/Content/GoodSky/Source/Textures/T_GoodSky_clouds_C.uasset" 639
"../../../../../Alby/Documents/TransfuserGame/Content/GoodSky/Source/Textures/T_GoodSky_clouds_D.uasset" 640
"../../../../../Alby/Documents/TransfuserGame/Content/GoodSky/Source/Textures/T_GoodSky_clouds_E.uasset" 641
"../../../../../Alby/Documents/TransfuserGame/Content/GoodSky/Blueprint/BP_GoodSky.uasset" 642
"../../../../../Alby/Documents/TransfuserGame/Content/GoodSky/Source/UI/WB_GoodSky_Menu.uasset" 643
"../../../../../Alby/Documents/TransfuserGame/Content/GoodSky/Maps/Level_GoodSky_Showcase.umap" 644
"../../../../../Alby/Documents/TransfuserGame/Content/Blueprints/BP_PlayerMenu.uasset" 645
"../../../../../Alby/Documents/TransfuserGame/Content/0_UI/ShowEndL.uasset" 646
"../../../../../Alby/Documents/TransfuserGame/Content/Fonts/SigmarOne-Regular_FontOfflie.uasset" 647
"../../../../../Alby/Documents/TransfuserGame/Content/Fonts/SigmarOneText.uasset" 648
"../../../../../Alby/Documents/TransfuserGame/Content/Blueprints/BP_Button.uasset" 649
"../../../../../Alby/Documents/TransfuserGame/Content/Blueprints/BP_Button_Leaderboard.uasset" 650
"../../../../../Alby/Documents/TransfuserGame/Content/Materials/Cloud.uasset" 651
"../../../../../Alby/Documents/TransfuserGame/Content/Blueprints/BP_Cloud.uasset" 652
"../../../../../Alby/Documents/TransfuserGame/Content/Levels/EndLevel_BuiltData.uasset" 653
"../../../../../Alby/Documents/TransfuserGame/Content/Meshes/Brown_8.uasset" 654
"../../../../../Alby/Documents/TransfuserGame/Content/Meshes/Orange_3.uasset" 655
"../../../../../Alby/Documents/TransfuserGame/Content/Meshes/Environment_1_Environment_1.uasset" 656
"../../../../../Alby/Documents/TransfuserGame/Content/Meshes/Green_3.uasset" 657
"../../../../../Alby/Documents/TransfuserGame/Content/Meshes/Grass_2_Grass_2.uasset" 658
"../../../../../Alby/Documents/TransfuserGame/Content/Meshes/Brown_5.uasset" 659
"../../../../../Alby/Documents/TransfuserGame/Content/Meshes/Brown_6.uasset" 660
"../../../../../Alby/Documents/TransfuserGame/Content/Meshes/Log_2_Log_2.uasset" 661
"../../../../../Alby/Documents/TransfuserGame/Content/Meshes/Brown_4.uasset" 662
"../../../../../Alby/Documents/TransfuserGame/Content/Meshes/Brown_7.uasset" 663
"../../../../../Alby/Documents/TransfuserGame/Content/Meshes/Log_3_Log_3.uasset" 664
"../../../../../Alby/Documents/TransfuserGame/Content/Meshes/Brown_14.uasset" 665
"../../../../../Alby/Documents/TransfuserGame/Content/Meshes/Brown_15.uasset" 666
"../../../../../Alby/Documents/TransfuserGame/Content/Meshes/Mounting_3_Mounting_3.uasset" 667
"../../../../../Alby/Documents/TransfuserGame/Content/Meshes/Gray_4.uasset" 668
"../../../../../Alby/Documents/TransfuserGame/Content/Meshes/Rock_4_Rock_4.uasset" 669
"../../../../../Alby/Documents/TransfuserGame/Content/Meshes/Tree_3_Tree_3.uasset" 670
"../../../../../Alby/Documents/TransfuserGame/Content/Levels/EndLevel.umap" 671
"../../../../../Alby/Documents/TransfuserGame/Content/0_UI/WG_Title.uasset" 672
"../../../../../Alby/Documents/TransfuserGame/Content/0_UI/BP_MainLevel.uasset" 673
"../../../../../Alby/Documents/TransfuserGame/Content/Levels/Enter_Name_BuiltData.uasset" 674
"../../../../../Alby/Documents/TransfuserGame/Content/0_UI/WG_EnterName.uasset" 675
"../../../../../Alby/Documents/TransfuserGame/Content/Levels/Enter_Name.umap" 676
"../../../../../Alby/Documents/TransfuserGame/Content/0_UI/ShowLead.uasset" 677
"../../../../../Alby/Documents/TransfuserGame/Content/Blueprints/BP_Button_MainMenu.uasset" 678
"../../../../../Alby/Documents/TransfuserGame/Content/Levels/Leaderboard_BuiltData.uasset" 679
"../../../../../Alby/Documents/TransfuserGame/Content/Levels/Leaderboard.umap" 680
"../../../../../Alby/Documents/TransfuserGame/Content/2_CheckPoint/bp_Check.uasset" 681
"../../../../../Alby/Documents/TransfuserGame/Content/2_CheckPoint/Level3.uasset" 682
"../../../../../Alby/Documents/TransfuserGame/Content/Widgets/LEAP.uasset" 683
"../../../../../Alby/Documents/TransfuserGame/Content/Widgets/LEAP_Message.uasset" 684
"../../../../../Alby/Documents/TransfuserGame/Content/Levels/LV1_NEW_BuiltData.uasset" 685
"../../../../../Alby/Documents/TransfuserGame/Content/Meshes/Black_01.uasset" 686
"../../../../../Alby/Documents/TransfuserGame/Content/2_CheckPoint/Snow.uasset" 687
"../../../../../Alby/Documents/TransfuserGame/Content/2_CheckPoint/particle_Snow.uasset" 688
"../../../../../Alby/Documents/TransfuserGame/Content/AdamModels/PointingRightBoard.uasset" 689
"../../../../../Alby/Documents/TransfuserGame/Content/Meshes/Material__25.uasset" 690
"../../../../../Alby/Documents/TransfuserGame/Content/Meshes/Mountain_winter_001.uasset" 691
"../../../../../Alby/Documents/TransfuserGame/Content/Meshes/Material__25_001.uasset" 692
"../../../../../Alby/Documents/TransfuserGame/Content/Meshes/Mountain_winter_002.uasset" 693
"../../../../../Alby/Documents/TransfuserGame/Content/Meshes/Material__25_002.uasset" 694
"../../../../../Alby/Documents/TransfuserGame/Content/Meshes/Mountain_winter_003.uasset" 695
"../../../../../Alby/Documents/TransfuserGame/Content/Meshes/Material__25_004.uasset" 696
"../../../../../Alby/Documents/TransfuserGame/Content/Meshes/Mountain_winter_004.uasset" 697
"../../../../../Alby/Documents/TransfuserGame/Content/Meshes/Material__25_005.uasset" 698
"../../../../../Alby/Documents/TransfuserGame/Content/Meshes/Mountain_winter_005.uasset" 699
"../../../../../Alby/Documents/TransfuserGame/Content/Meshes/Mountain_winter_007.uasset" 700
"../../../../../Alby/Documents/TransfuserGame/Content/Meshes/Mountain_winter_008.uasset" 701
"../../../../../Alby/Documents/TransfuserGame/Content/Meshes/Material__25_003.uasset" 702
"../../../../../Alby/Documents/TransfuserGame/Content/Meshes/Mountain_winter_009.uasset" 703
"../../../../../Alby/Documents/TransfuserGame/Content/Meshes/Material__25_007.uasset" 704
"../../../../../Alby/Documents/TransfuserGame/Content/Meshes/Plateau_winter_001.uasset" 705
"../../../../../Alby/Documents/TransfuserGame/Content/Meshes/Material__25_010.uasset" 706
"../../../../../Alby/Documents/TransfuserGame/Content/Meshes/Plateau_winter_004.uasset" 707
"../../../../../Alby/Documents/TransfuserGame/Content/Meshes/Material__25_013.uasset" 708
"../../../../../Alby/Documents/TransfuserGame/Content/Meshes/Plateau_winter_005.uasset" 709
"../../../../../Alby/Documents/TransfuserGame/Content/Meshes/Rock_2_Rock_2.uasset" 710
"../../../../../Alby/Documents/TransfuserGame/Content/Meshes/Rock_3_Rock_3.uasset" 711
"../../../../../Alby/Documents/TransfuserGame/Content/Meshes/Rock_6_Rock_6.uasset" 712
"../../../../../Alby/Documents/TransfuserGame/Content/Meshes/Brown_2.uasset" 713
"../../../../../Alby/Documents/TransfuserGame/Content/Meshes/Brown_3.uasset" 714
"../../../../../Alby/Documents/TransfuserGame/Content/Meshes/Tree_1_Tree_1.uasset" 715
"../../../../../Alby/Documents/TransfuserGame/Content/Meshes/Tree_2_Tree_2.uasset" 716
"../../../../../Alby/Documents/TransfuserGame/Content/Show_Charge_Level/Charging_Level.uasset" 717
"../../../../../Alby/Documents/TransfuserGame/Content/Levels/LV1_NEW.umap" 718
"../../../../../Alby/Documents/TransfuserGame/Content/Blueprints/BP_SmallCloud.uasset" 719
"../../../../../Alby/Documents/TransfuserGame/Content/Boarders/Boundaries.uasset" 720
"../../../../../Alby/Documents/TransfuserGame/Content/Levels/LV_1_BuiltData.uasset" 721
"../../../../../Alby/Documents/TransfuserGame/Content/Meshes/Mountain_winter_006.uasset" 722
"../../../../../Alby/Documents/TransfuserGame/Content/Meshes/Mountain_winter_010.uasset" 723
"../../../../../Alby/Documents/TransfuserGame/Content/Meshes/Mounting_2_Mounting_2.uasset" 724
"../../../../../Alby/Documents/TransfuserGame/Content/StarterContent/Shapes/Shape_WideCapsule.uasset" 725
"../../../../../Alby/Documents/TransfuserGame/Content/Levels/LV_1.umap" 726
"../../../../../Alby/Documents/TransfuserGame/Content/Blueprints/BP_Button_QUIT.uasset" 727
"../../../../../Alby/Documents/TransfuserGame/Content/Levels/MainMenu_BuiltData.uasset" 728
"../../../../../Alby/Documents/TransfuserGame/Content/Levels/MainMenu.umap" 729
"../../../../../Alby/Documents/TransfuserGame/Content/2_CheckPoint/DeathBound.uasset" 730
"../../../../../Alby/Documents/TransfuserGame/Content/2_CheckPoint/Level2.uasset" 731
"../../../../../Alby/Documents/TransfuserGame/Content/Widgets/W_TutorailP2.uasset" 732
"../../../../../Alby/Documents/TransfuserGame/Content/Widgets/BP_TutorialP2.uasset" 733
"../../../../../Alby/Documents/TransfuserGame/Content/Levels/Tutorial_BuiltData.uasset" 734
"../../../../../Alby/Documents/TransfuserGame/Content/Meshes/Bush_1_Bush_1.uasset" 735
"../../../../../Alby/Documents/TransfuserGame/Content/Meshes/Green_2.uasset" 736
"../../../../../Alby/Documents/TransfuserGame/Content/Meshes/Grass_1_Grass_1.uasset" 737
"../../../../../Alby/Documents/TransfuserGame/Content/Meshes/Log_1_Log_1.uasset" 738
"../../../../../Alby/Documents/TransfuserGame/Content/Meshes/Mounting_1_Mounting_1.uasset" 739
"../../../../../Alby/Documents/TransfuserGame/Content/Meshes/Green_4.uasset" 740
"../../../../../Alby/Documents/TransfuserGame/Content/Meshes/Plant_1_Plant_1.uasset" 741
"../../../../../Alby/Documents/TransfuserGame/Content/Meshes/Green_5.uasset" 742
"../../../../../Alby/Documents/TransfuserGame/Content/Meshes/Purple_1.uasset" 743
"../../../../../Alby/Documents/TransfuserGame/Content/Meshes/Plant_2_Plant_2.uasset" 744
"../../../../../Alby/Documents/TransfuserGame/Content/Meshes/Green_6.uasset" 745
"../../../../../Alby/Documents/TransfuserGame/Content/Meshes/Plant_3_Plant_3.uasset" 746
"../../../../../Alby/Documents/TransfuserGame/Content/Meshes/Green_7.uasset" 747
"../../../../../Alby/Documents/TransfuserGame/Content/Meshes/Purple_2.uasset" 748
"../../../../../Alby/Documents/TransfuserGame/Content/Meshes/Plant_5_Plant_5.uasset" 749
"../../../../../Alby/Documents/TransfuserGame/Content/Meshes/Green_8.uasset" 750
"../../../../../Alby/Documents/TransfuserGame/Content/Meshes/Pink_1.uasset" 751
"../../../../../Alby/Documents/TransfuserGame/Content/Meshes/Plant_6_Plant_6.uasset" 752
"../../../../../Alby/Documents/TransfuserGame/Content/Meshes/Green_9.uasset" 753
"../../../../../Alby/Documents/TransfuserGame/Content/Meshes/Plant_7_Plant_7.uasset" 754
"../../../../../Alby/Documents/TransfuserGame/Content/Meshes/Stone_1_Stone_1.uasset" 755
"../../../../../Alby/Documents/TransfuserGame/Content/Levels/Tutorial.umap" 756
"../../../../../Alby/Documents/TransfuserGame/Content/StarterContent/Blueprints/Assets/FogBrightnessLUT.uasset" 757
"../../../../../Alby/Documents/TransfuserGame/Content/StarterContent/Blueprints/Assets/SunlightColorLUT.uasset" 758
"../../../../../Alby/Documents/TransfuserGame/Content/StarterContent/Blueprints/Assets/M_LightStage_Arrows.uasset" 759
"../../../Engine/Content/MapTemplates/Sky/DaylightAmbientCubemap.uasset" 760
"../../../../../Alby/Documents/TransfuserGame/Content/StarterContent/Blueprints/Assets/M_LightStage_Skybox_Master.uasset" 761
"../../../../../Alby/Documents/TransfuserGame/Content/StarterContent/Blueprints/Assets/M_LightStage_Skybox_Black.uasset" 762
"../../../../../Alby/Documents/TransfuserGame/Content/StarterContent/Blueprints/Assets/M_LightStage_Skybox_HDRI.uasset" 763
"../../../Engine/Content/EditorMaterials/Thumbnails/SkySphereMaterial.uasset" 764
"../../../../../Alby/Documents/TransfuserGame/Content/StarterContent/Blueprints/Assets/Skybox.uasset" 765
"../../../../../Alby/Documents/TransfuserGame/Content/StarterContent/Blueprints/Assets/SM_Arrows.uasset" 766
"../../../../../Alby/Documents/TransfuserGame/Content/StarterContent/HDRI/HDRI_Epic_Courtyard_Daylight.uasset" 767
"../../../../../Alby/Documents/TransfuserGame/Content/StarterContent/Blueprints/BP_LightStudio.uasset" 768
"../../../../../Alby/Documents/TransfuserGame/Content/StarterContent/Maps/Advanced_Lighting_BuiltData.uasset" 769
"../../../../../Alby/Documents/TransfuserGame/Content/StarterContent/Materials/M_AssetPlatform.uasset" 770
"../../../Engine/Content/EditorMeshes/ColorCalibrator/M_ChromeBall.uasset" 771
"../../../Engine/Content/EditorMeshes/ColorCalibrator/M_ClearCoat.uasset" 772
"../../../Engine/Content/EditorMeshes/ColorCalibrator/M_ClearCoatBlack.uasset" 773
"../../../Engine/Content/EditorMeshes/ColorCalibrator/Color_checker.uasset" 774
"../../../Engine/Content/EditorMeshes/ColorCalibrator/M_ColorGrid.uasset" 775
"../../../Engine/Content/EditorMeshes/ColorCalibrator/M_GreyBall.uasset" 776
"../../../Engine/Content/EditorMeshes/ColorCalibrator/SM_ColorCalibrator.uasset" 777
"../../../../../Alby/Documents/TransfuserGame/Content/StarterContent/Architecture/SM_AssetPlatform.uasset" 778
"../../../../../Alby/Documents/TransfuserGame/Content/StarterContent/Maps/Advanced_Lighting.umap" 779
"../../../../../Alby/Documents/TransfuserGame/Content/StarterContent/Maps/Minimal_Default_BuiltData.uasset" 780
"../../../../../Alby/Documents/TransfuserGame/Content/StarterContent/Materials/M_Metal_Brushed_Nickel.uasset" 781
"../../../../../Alby/Documents/TransfuserGame/Content/StarterContent/Textures/T_Metal_Aluminum_D.uasset" 782
"../../../../../Alby/Documents/TransfuserGame/Content/StarterContent/Textures/T_Metal_Gold_N.uasset" 783
"../../../../../Alby/Documents/TransfuserGame/Content/StarterContent/Materials/M_Metal_Burnished_Steel.uasset" 784
"../../../../../Alby/Documents/TransfuserGame/Content/StarterContent/Textures/T_Metal_Copper_D.uasset" 785
"../../../../../Alby/Documents/TransfuserGame/Content/StarterContent/Materials/M_Metal_Copper.uasset" 786
"../../../../../Alby/Documents/TransfuserGame/Content/StarterContent/Textures/T_Statue_M.uasset" 787
"../../../../../Alby/Documents/TransfuserGame/Content/StarterContent/Textures/T_Statue_N.uasset" 788
"../../../../../Alby/Documents/TransfuserGame/Content/StarterContent/Props/Materials/M_StatueGlass.uasset" 789
"../../../../../Alby/Documents/TransfuserGame/Content/StarterContent/Audio/Starter_Background_Cue.uasset" 790
"../../../../../Alby/Documents/TransfuserGame/Content/StarterContent/Props/SM_Chair.uasset" 791
"../../../../../Alby/Documents/TransfuserGame/Content/StarterContent/Props/Materials/M_Statue.uasset" 792
"../../../../../Alby/Documents/TransfuserGame/Content/StarterContent/Props/SM_Statue.uasset" 793
"../../../../../Alby/Documents/TransfuserGame/Content/StarterContent/Textures/T_TableRound_M.uasset" 794
"../../../../../Alby/Documents/TransfuserGame/Content/StarterContent/Textures/T_TableRound_N.uasset" 795
"../../../../../Alby/Documents/TransfuserGame/Content/StarterContent/Props/Materials/M_TableRound.uasset" 796
"../../../../../Alby/Documents/TransfuserGame/Content/StarterContent/Props/SM_TableRound.uasset" 797
"../../../../../Alby/Documents/TransfuserGame/Content/StarterContent/Maps/Minimal_Default.umap" 798
"../../../../../Alby/Documents/TransfuserGame/Content/StarterContent/Audio/Fire01_Cue.uasset" 799
"../../../../../Alby/Documents/TransfuserGame/Content/StarterContent/Textures/T_Fire_SubUV.uasset" 800
"../../../../../Alby/Documents/TransfuserGame/Content/StarterContent/Textures/T_Fire_Tiled_D.uasset" 801
"../../../../../Alby/Documents/TransfuserGame/Content/StarterContent/Particles/Materials/M_Fire_SubUV.uasset" 802
"../../../../../Alby/Documents/TransfuserGame/Content/StarterContent/Textures/T_Water_N.uasset" 803
"../../../../../Alby/Documents/TransfuserGame/Content/StarterContent/Particles/Materials/M_Heat_Distortion.uasset" 804
"../../../../../Alby/Documents/TransfuserGame/Content/StarterContent/Particles/P_Fire.uasset" 805
"../../../../../Alby/Documents/TransfuserGame/Content/StarterContent/Blueprints/Blueprint_Effect_Fire.uasset" 806
"../../../../../Alby/Documents/TransfuserGame/Content/StarterContent/Audio/Smoke01_Cue.uasset" 807
"../../../../../Alby/Documents/TransfuserGame/Content/StarterContent/Particles/P_Smoke.uasset" 808
"../../../../../Alby/Documents/TransfuserGame/Content/StarterContent/Blueprints/Blueprint_Effect_Smoke.uasset" 809
"../../../../../Alby/Documents/TransfuserGame/Content/StarterContent/Audio/Fire_Sparks01_Cue.uasset" 810
"../../../../../Alby/Documents/TransfuserGame/Content/StarterContent/Textures/T_Spark_Core.uasset" 811
"../../../../../Alby/Documents/TransfuserGame/Content/StarterContent/Particles/Materials/M_Spark.uasset" 812
"../../../../../Alby/Documents/TransfuserGame/Content/StarterContent/Particles/P_Sparks.uasset" 813
"../../../../../Alby/Documents/TransfuserGame/Content/StarterContent/Blueprints/Blueprint_Effect_Sparks.uasset" 814
"../../../../../Alby/Documents/TransfuserGame/Content/StarterContent/Audio/Steam01_Cue.uasset" 815
"../../../../../Alby/Documents/TransfuserGame/Content/StarterContent/Particles/P_Steam_Lit.uasset" 816
"../../../../../Alby/Documents/TransfuserGame/Content/StarterContent/Blueprints/Blueprint_Effect_Steam.uasset" 817
"../../../../../Alby/Documents/TransfuserGame/Content/StarterContent/Textures/T_Lamp_M.uasset" 818
"../../../../../Alby/Documents/TransfuserGame/Content/StarterContent/Textures/T_Lamp_N.uasset" 819
"../../../../../Alby/Documents/TransfuserGame/Content/StarterContent/Props/Materials/M_Lamp.uasset" 820
"../../../../../Alby/Documents/TransfuserGame/Content/StarterContent/Props/SM_Lamp_Ceiling.uasset" 821
"../../../../../Alby/Documents/TransfuserGame/Content/StarterContent/Blueprints/Blueprint_CeilingLight.uasset" 822
"../../../../../Alby/Documents/TransfuserGame/Content/StarterContent/Props/SM_Lamp_Wall.uasset" 823
"../../../../../Alby/Documents/TransfuserGame/Content/StarterContent/Blueprints/Blueprint_WallSconce.uasset" 824
"../../../../../Alby/Documents/TransfuserGame/Content/StarterContent/Maps/StarterMap_BuiltData.uasset" 825
"../../../Engine/Content/Functions/Engine_MaterialFunctions03/Procedurals/ComputeFilterWidth.uasset" 826
"../../../Engine/Content/EngineMaterials/AntiAliasedTextMaterialTranslucent.uasset" 827
"../../../../../Alby/Documents/TransfuserGame/Content/StarterContent/Textures/T_Brick_Clay_Beveled_D.uasset" 828
"../../../../../Alby/Documents/TransfuserGame/Content/StarterContent/Textures/T_Brick_Clay_Beveled_M.uasset" 829
"../../../../../Alby/Documents/TransfuserGame/Content/StarterContent/Textures/T_Brick_Clay_Beveled_N.uasset" 830
"../../../../../Alby/Documents/TransfuserGame/Content/StarterContent/Materials/M_Brick_Clay_Beveled.uasset" 831
"../../../../../Alby/Documents/TransfuserGame/Content/StarterContent/Textures/T_Brick_Clay_New_D.uasset" 832
"../../../../../Alby/Documents/TransfuserGame/Content/StarterContent/Textures/T_Brick_Clay_New_M.uasset" 833
"../../../../../Alby/Documents/TransfuserGame/Content/StarterContent/Textures/T_Brick_Clay_New_N.uasset" 834
"../../../../../Alby/Documents/TransfuserGame/Content/StarterContent/Materials/M_Brick_Clay_New.uasset" 835
"../../../../../Alby/Documents/TransfuserGame/Content/StarterContent/Textures/T_Brick_Clay_Old_D.uasset" 836
"../../../../../Alby/Documents/TransfuserGame/Content/StarterContent/Textures/T_Brick_Clay_Old_N.uasset" 837
"../../../../../Alby/Documents/TransfuserGame/Content/StarterContent/Textures/T_Perlin_Noise_M.uasset" 838
"../../../../../Alby/Documents/TransfuserGame/Content/StarterContent/Materials/M_Brick_Clay_Old.uasset" 839
"../../../../../Alby/Documents/TransfuserGame/Content/StarterContent/Textures/T_Brick_Cut_Stone_D.uasset" 840
"../../../../../Alby/Documents/TransfuserGame/Content/StarterContent/Textures/T_Brick_Cut_Stone_N.uasset" 841
"../../../../../Alby/Documents/TransfuserGame/Content/StarterContent/Materials/M_Brick_Cut_Stone.uasset" 842
"../../../../../Alby/Documents/TransfuserGame/Content/StarterContent/Textures/T_Brick_Hewn_Stone_D.uasset" 843
"../../../../../Alby/Documents/TransfuserGame/Content/StarterContent/Textures/T_Brick_Hewn_Stone_M.uasset" 844
"../../../../../Alby/Documents/TransfuserGame/Content/StarterContent/Textures/T_Brick_Hewn_Stone_N.uasset" 845
"../../../../../Alby/Documents/TransfuserGame/Content/StarterContent/Materials/M_Brick_Hewn_Stone.uasset" 846
"../../../../../Alby/Documents/TransfuserGame/Content/StarterContent/Textures/T_Ceramic_Tile_M.uasset" 847
"../../../../../Alby/Documents/TransfuserGame/Content/StarterContent/Textures/T_Ceramic_Tile_N.uasset" 848
"../../../../../Alby/Documents/TransfuserGame/Content/StarterContent/Textures/T_Rock_Marble_Polished_D.uasset" 849
"../../../../../Alby/Documents/TransfuserGame/Content/StarterContent/Materials/M_Ceramic_Tile_Checker.uasset" 850
"../../../../../Alby/Documents/TransfuserGame/Content/StarterContent/Textures/T_CobbleStone_Pebble_D.uasset" 851
"../../../../../Alby/Documents/TransfuserGame/Content/StarterContent/Textures/T_CobbleStone_Pebble_M.uasset" 852
"../../../../../Alby/Documents/TransfuserGame/Content/StarterContent/Textures/T_CobbleStone_Pebble_N.uasset" 853
"../../../../../Alby/Documents/TransfuserGame/Content/StarterContent/Materials/M_CobbleStone_Pebble.uasset" 854
"../../../../../Alby/Documents/TransfuserGame/Content/StarterContent/Textures/T_CobbleStone_Rough_D.uasset" 855
"../../../../../Alby/Documents/TransfuserGame/Content/StarterContent/Textures/T_CobbleStone_Rough_N.uasset" 856
"../../../../../Alby/Documents/TransfuserGame/Content/StarterContent/Textures/T_Gradinet_01.uasset" 857
"../../../../../Alby/Documents/TransfuserGame/Content/StarterContent/Textures/T_Rock_Smooth_Granite_D.uasset" 858
"../../../../../Alby/Documents/TransfuserGame/Content/StarterContent/Materials/M_CobbleStone_Rough.uasset" 859
"../../../../../Alby/Documents/TransfuserGame/Content/StarterContent/Textures/T_CobbleStone_Smooth_D.uasset" 860
"../../../../../Alby/Documents/TransfuserGame/Content/StarterContent/Textures/T_CobbleStone_Smooth_M.uasset" 861
"../../../../../Alby/Documents/TransfuserGame/Content/StarterContent/Textures/T_CobbleStone_Smooth_N.uasset" 862
"../../../../../Alby/Documents/TransfuserGame/Content/StarterContent/Materials/M_CobbleStone_Smooth.uasset" 863
"../../../../../Alby/Documents/TransfuserGame/Content/StarterContent/Textures/T_Concrete_Grime_D.uasset" 864
"../../../../../Alby/Documents/TransfuserGame/Content/StarterContent/Textures/T_Metal_Rust_N.uasset" 865
"../../../../../Alby/Documents/TransfuserGame/Content/StarterContent/Materials/M_Concrete_Grime.uasset" 866
"../../../../../Alby/Documents/TransfuserGame/Content/StarterContent/Textures/T_Concrete_Panels_D.uasset" 867
"../../../../../Alby/Documents/TransfuserGame/Content/StarterContent/Textures/T_Concrete_Panels_N.uasset" 868
"../../../../../Alby/Documents/TransfuserGame/Content/StarterContent/Materials/M_Concrete_Panels.uasset" 869
"../../../../../Alby/Documents/TransfuserGame/Content/StarterContent/Textures/T_Concrete_Poured_D.uasset" 870
"../../../../../Alby/Documents/TransfuserGame/Content/StarterContent/Textures/T_Concrete_Poured_N.uasset" 871
"../../../../../Alby/Documents/TransfuserGame/Content/StarterContent/Materials/M_Concrete_Poured.uasset" 872
"../../../../../Alby/Documents/TransfuserGame/Content/StarterContent/Textures/T_Concrete_Tiles_D.uasset" 873
"../../../../../Alby/Documents/TransfuserGame/Content/StarterContent/Textures/T_Concrete_Tiles_M.uasset" 874
"../../../../../Alby/Documents/TransfuserGame/Content/StarterContent/Textures/T_Concrete_Tiles_N.uasset" 875
"../../../../../Alby/Documents/TransfuserGame/Content/StarterContent/Textures/T_Concrete_Tiles_Variation_M.uasset" 876
"../../../../../Alby/Documents/TransfuserGame/Content/StarterContent/Materials/M_Concrete_Tiles.uasset" 877
"../../../../../Alby/Documents/TransfuserGame/Content/StarterContent/Textures/T_Ground_Grass_D.uasset" 878
"../../../../../Alby/Documents/TransfuserGame/Content/StarterContent/Textures/T_Ground_Grass_N.uasset" 879
"../../../../../Alby/Documents/TransfuserGame/Content/StarterContent/Materials/M_Ground_Grass.uasset" 880
"../../../../../Alby/Documents/TransfuserGame/Content/StarterContent/Textures/T_Ground_Gravel_D.uasset" 881
"../../../../../Alby/Documents/TransfuserGame/Content/StarterContent/Textures/T_Ground_Gravel_N.uasset" 882
"../../../../../Alby/Documents/TransfuserGame/Content/StarterContent/Materials/M_Ground_Gravel.uasset" 883
"../../../../../Alby/Documents/TransfuserGame/Content/StarterContent/Textures/T_ground_Moss_D.uasset" 884
"../../../../../Alby/Documents/TransfuserGame/Content/StarterContent/Textures/T_Ground_Moss_N.uasset" 885
"../../../../../Alby/Documents/TransfuserGame/Content/StarterContent/Materials/M_Ground_Moss.uasset" 886
"../../../../../Alby/Documents/TransfuserGame/Content/StarterContent/Materials/M_Metal_Chrome.uasset" 887
"../../../../../Alby/Documents/TransfuserGame/Content/StarterContent/Textures/T_Metal_Gold_D.uasset" 888
"../../../../../Alby/Documents/TransfuserGame/Content/StarterContent/Materials/M_Metal_Gold.uasset" 889
"../../../../../Alby/Documents/TransfuserGame/Content/StarterContent/Textures/T_Metal_Rust_D.uasset" 890
"../../../../../Alby/Documents/TransfuserGame/Content/StarterContent/Materials/M_Metal_Rust.uasset" 891
"../../../../../Alby/Documents/TransfuserGame/Content/StarterContent/Textures/T_Rock_Basalt_N.uasset" 892
"../../../../../Alby/Documents/TransfuserGame/Content/StarterContent/Materials/M_Rock_Basalt.uasset" 893
"../../../../../Alby/Documents/TransfuserGame/Content/StarterContent/Materials/M_Rock_Marble_Polished.uasset" 894
"../../../../../Alby/Documents/TransfuserGame/Content/StarterContent/Textures/T_Rock_Sandstone_D.uasset" 895
"../../../../../Alby/Documents/TransfuserGame/Content/StarterContent/Textures/T_Rock_Sandstone_N.uasset" 896
"../../../../../Alby/Documents/TransfuserGame/Content/StarterContent/Materials/M_Rock_Sandstone.uasset" 897
"../../../../../Alby/Documents/TransfuserGame/Content/StarterContent/Textures/T_Rock_Slate_D.uasset" 898
"../../../../../Alby/Documents/TransfuserGame/Content/StarterContent/Textures/T_Rock_Slate_N.uasset" 899
"../../../../../Alby/Documents/TransfuserGame/Content/StarterContent/Materials/M_Rock_Slate.uasset" 900
"../../../../../Alby/Documents/TransfuserGame/Content/StarterContent/Textures/T_Checker_Noise_M.uasset" 901
"../../../../../Alby/Documents/TransfuserGame/Content/StarterContent/Textures/T_Single_Tile_N.uasset" 902
"../../../../../Alby/Documents/TransfuserGame/Content/StarterContent/Textures/T_Tech_Dot_M.uasset" 903
"../../../../../Alby/Documents/TransfuserGame/Content/StarterContent/Textures/T_Tech_Dot_N.uasset" 904
"../../../../../Alby/Documents/TransfuserGame/Content/StarterContent/Materials/M_Tech_Checker_Dot.uasset" 905
"../../../../../Alby/Documents/TransfuserGame/Content/StarterContent/Textures/T_Tech_Hex_Tile_M.uasset" 906
"../../../../../Alby/Documents/TransfuserGame/Content/StarterContent/Textures/T_Tech_Hex_Tile_N.uasset" 907
"../../../../../Alby/Documents/TransfuserGame/Content/StarterContent/Materials/M_Tech_Hex_Tile.uasset" 908
"../../../../../Alby/Documents/TransfuserGame/Content/StarterContent/Materials/M_Tech_Hex_Tile_Pulse.uasset" 909
"../../../../../Alby/Documents/TransfuserGame/Content/StarterContent/Textures/T_Tech_Panel_M.uasset" 910
"../../../../../Alby/Documents/TransfuserGame/Content/StarterContent/Textures/T_Tech_Panel_N.uasset" 911
"../../../../../Alby/Documents/TransfuserGame/Content/StarterContent/Materials/M_Tech_Panel.uasset" 912
"../../../../../Alby/Documents/TransfuserGame/Content/StarterContent/Materials/M_Water_Lake.uasset" 913
"../../../../../Alby/Documents/TransfuserGame/Content/StarterContent/Textures/T_Water_M.uasset" 914
"../../../../../Alby/Documents/TransfuserGame/Content/StarterContent/Materials/M_Water_Ocean.uasset" 915
"../../../../../Alby/Documents/TransfuserGame/Content/StarterContent/Textures/T_Wood_Floor_Walnut_D.uasset" 916
"../../../../../Alby/Documents/TransfuserGame/Content/StarterContent/Textures/T_Wood_Floor_Walnut_M.uasset" 917
"../../../../../Alby/Documents/TransfuserGame/Content/StarterContent/Textures/T_Wood_Floor_Walnut_N.uasset" 918
"../../../../../Alby/Documents/TransfuserGame/Content/StarterContent/Materials/M_Wood_Floor_Walnut_Polished.uasset" 919
"../../../Engine/Content/Functions/Engine_MaterialFunctions01/Opacity/AlphaOffset.uasset" 920
"../../../../../Alby/Documents/TransfuserGame/Content/StarterContent/Materials/M_Wood_Floor_Walnut_Worn.uasset" 921
"../../../../../Alby/Documents/TransfuserGame/Content/StarterContent/Textures/T_Wood_Oak_D.uasset" 922
"../../../../../Alby/Documents/TransfuserGame/Content/StarterContent/Textures/T_Wood_Oak_N.uasset" 923
"../../../../../Alby/Documents/TransfuserGame/Content/StarterContent/Materials/M_Wood_Oak.uasset" 924
"../../../../../Alby/Documents/TransfuserGame/Content/StarterContent/Textures/T_Wood_Pine_D.uasset" 925
"../../../../../Alby/Documents/TransfuserGame/Content/StarterContent/Textures/T_Wood_Pine_N.uasset" 926
"../../../../../Alby/Documents/TransfuserGame/Content/StarterContent/Materials/M_Wood_Pine.uasset" 927
"../../../../../Alby/Documents/TransfuserGame/Content/StarterContent/Textures/T_Wood_Walnut_D.uasset" 928
"../../../../../Alby/Documents/TransfuserGame/Content/StarterContent/Textures/T_Wood_Walnut_N.uasset" 929
"../../../../../Alby/Documents/TransfuserGame/Content/StarterContent/Materials/M_Wood_Walnut.uasset" 930
"../../../../../Alby/Documents/TransfuserGame/Content/StarterContent/Architecture/Wall_400x200.uasset" 931
"../../../../../Alby/Documents/TransfuserGame/Content/StarterContent/Architecture/Wall_Door_400x300.uasset" 932
"../../../../../Alby/Documents/TransfuserGame/Content/StarterContent/Architecture/Wall_Window_400x300.uasset" 933
"../../../../../Alby/Documents/TransfuserGame/Content/StarterContent/Audio/Collapse_Cue.uasset" 934
"../../../../../Alby/Documents/TransfuserGame/Content/StarterContent/Audio/Starter_Music_Cue.uasset" 935
"../../../../../Alby/Documents/TransfuserGame/Content/StarterContent/Textures/T_Dust_Particle_D.uasset" 936
"../../../../../Alby/Documents/TransfuserGame/Content/StarterContent/Particles/Materials/M_Dust_Particle.uasset" 937
"../../../../../Alby/Documents/TransfuserGame/Content/StarterContent/Particles/P_Ambient_Dust.uasset" 938
"../../../../../Alby/Documents/TransfuserGame/Content/StarterContent/Props/MaterialSphere.uasset" 939
"../../../../../Alby/Documents/TransfuserGame/Content/StarterContent/Textures/T_Frame_M.uasset" 940
"../../../../../Alby/Documents/TransfuserGame/Content/StarterContent/Textures/T_Frame_N.uasset" 941
"../../../../../Alby/Documents/TransfuserGame/Content/StarterContent/Props/Materials/M_Frame.uasset" 942
"../../../../../Alby/Documents/TransfuserGame/Content/StarterContent/Props/SM_CornerFrame.uasset" 943
"../../../../../Alby/Documents/TransfuserGame/Content/StarterContent/Props/SM_DoorFrame.uasset" 944
"../../../../../Alby/Documents/TransfuserGame/Content/StarterContent/Props/SM_GlassWindow.uasset" 945
"../../../../../Alby/Documents/TransfuserGame/Content/StarterContent/Props/SM_PillarFrame.uasset" 946
"../../../../../Alby/Documents/TransfuserGame/Content/StarterContent/Props/SM_PillarFrame300.uasset" 947
"../../../../../Alby/Documents/TransfuserGame/Content/StarterContent/Props/SM_WindowFrame.uasset" 948
"../../../../../Alby/Documents/TransfuserGame/Content/StarterContent/Shapes/Shape_Cube.uasset" 949
"../../../../../Alby/Documents/TransfuserGame/Content/StarterContent/Shapes/Shape_Sphere.uasset" 950
"../../../../../Alby/Documents/TransfuserGame/Content/StarterContent/Maps/StarterMap.umap" 951
"../../../Engine/Content/Maps/Entry_BuiltData.uasset" 952
"../../../Engine/Content/Maps/Entry.umap" 953
